{"C:\\Users\\HOFFMAN\\OneDrive\\Documents\\GitHub\\TechAcademy5back\\src\\config\\auth.middleware.ts": {"path":"C:\\Users\\HOFFMAN\\OneDrive\\Documents\\GitHub\\TechAcademy5back\\src\\config\\auth.middleware.ts","statementMap":{"0":{"start":{"line":2,"column":0},"end":{"line":2,"column":31}},"1":{"start":{"line":3,"column":0},"end":{"line":3,"column":51}},"2":{"start":{"line":13,"column":30},"end":{"line":36,"column":1}},"3":{"start":{"line":14,"column":21},"end":{"line":14,"column":46}},"4":{"start":{"line":16,"column":2},"end":{"line":19,"column":3}},"5":{"start":{"line":17,"column":4},"end":{"line":17,"column":63}},"6":{"start":{"line":18,"column":4},"end":{"line":18,"column":11}},"7":{"start":{"line":21,"column":16},"end":{"line":21,"column":40}},"8":{"start":{"line":23,"column":2},"end":{"line":35,"column":3}},"9":{"start":{"line":24,"column":20},"end":{"line":24,"column":53}},"10":{"start":{"line":26,"column":4},"end":{"line":29,"column":5}},"11":{"start":{"line":27,"column":6},"end":{"line":27,"column":60}},"12":{"start":{"line":28,"column":6},"end":{"line":28,"column":13}},"13":{"start":{"line":31,"column":4},"end":{"line":31,"column":42}},"14":{"start":{"line":32,"column":4},"end":{"line":32,"column":11}},"15":{"start":{"line":34,"column":4},"end":{"line":34,"column":70}},"16":{"start":{"line":13,"column":13},"end":{"line":13,"column":30}},"17":{"start":{"line":38,"column":31},"end":{"line":45,"column":1}},"18":{"start":{"line":39,"column":2},"end":{"line":42,"column":3}},"19":{"start":{"line":40,"column":4},"end":{"line":40,"column":77}},"20":{"start":{"line":41,"column":4},"end":{"line":41,"column":11}},"21":{"start":{"line":44,"column":2},"end":{"line":44,"column":9}},"22":{"start":{"line":38,"column":13},"end":{"line":38,"column":31}},"23":{"start":{"line":48,"column":2},"end":{"line":69,"column":3}},"24":{"start":{"line":49,"column":2},"end":{"line":69,"column":3}},"25":{"start":{"line":50,"column":26},"end":{"line":50,"column":37}},"26":{"start":{"line":51,"column":20},"end":{"line":51,"column":49}},"27":{"start":{"line":53,"column":4},"end":{"line":56,"column":5}},"28":{"start":{"line":54,"column":6},"end":{"line":54,"column":69}},"29":{"start":{"line":55,"column":6},"end":{"line":55,"column":13}},"30":{"start":{"line":58,"column":4},"end":{"line":61,"column":5}},"31":{"start":{"line":59,"column":6},"end":{"line":59,"column":57}},"32":{"start":{"line":60,"column":6},"end":{"line":60,"column":13}},"33":{"start":{"line":63,"column":4},"end":{"line":66,"column":5}},"34":{"start":{"line":64,"column":6},"end":{"line":64,"column":94}},"35":{"start":{"line":65,"column":6},"end":{"line":65,"column":13}},"36":{"start":{"line":68,"column":4},"end":{"line":68,"column":11}},"37":{"start":{"line":47,"column":13},"end":{"line":47,"column":null}}},"fnMap":{"0":{"name":"(anonymous_1)","decl":{"start":{"line":13,"column":30},"end":{"line":13,"column":31}},"loc":{"start":{"line":13,"column":88},"end":{"line":36,"column":1}}},"1":{"name":"(anonymous_2)","decl":{"start":{"line":38,"column":31},"end":{"line":38,"column":32}},"loc":{"start":{"line":38,"column":89},"end":{"line":45,"column":1}}},"2":{"name":"(anonymous_3)","decl":{"start":{"line":48,"column":2},"end":{"line":48,"column":3}},"loc":{"start":{"line":49,"column":2},"end":{"line":69,"column":3}}},"3":{"name":"(anonymous_4)","decl":{"start":{"line":49,"column":2},"end":{"line":49,"column":3}},"loc":{"start":{"line":49,"column":60},"end":{"line":69,"column":3}}}},"branchMap":{"0":{"loc":{"start":{"line":16,"column":2},"end":{"line":19,"column":3}},"type":"if","locations":[{"start":{"line":16,"column":2},"end":{"line":19,"column":3}},{"start":{},"end":{}}]},"1":{"loc":{"start":{"line":26,"column":4},"end":{"line":29,"column":5}},"type":"if","locations":[{"start":{"line":26,"column":4},"end":{"line":29,"column":5}},{"start":{},"end":{}}]},"2":{"loc":{"start":{"line":39,"column":2},"end":{"line":42,"column":3}},"type":"if","locations":[{"start":{"line":39,"column":2},"end":{"line":42,"column":3}},{"start":{},"end":{}}]},"3":{"loc":{"start":{"line":48,"column":3},"end":{"line":48,"column":19}},"type":"default-arg","locations":[{"start":{"line":48,"column":15},"end":{"line":48,"column":19}}]},"4":{"loc":{"start":{"line":53,"column":4},"end":{"line":56,"column":5}},"type":"if","locations":[{"start":{"line":53,"column":4},"end":{"line":56,"column":5}},{"start":{},"end":{}}]},"5":{"loc":{"start":{"line":58,"column":4},"end":{"line":61,"column":5}},"type":"if","locations":[{"start":{"line":58,"column":4},"end":{"line":61,"column":5}},{"start":{},"end":{}}]},"6":{"loc":{"start":{"line":63,"column":4},"end":{"line":66,"column":5}},"type":"if","locations":[{"start":{"line":63,"column":4},"end":{"line":66,"column":5}},{"start":{},"end":{}}]},"7":{"loc":{"start":{"line":63,"column":8},"end":{"line":63,"column":68}},"type":"binary-expr","locations":[{"start":{"line":63,"column":8},"end":{"line":63,"column":44}},{"start":{"line":63,"column":48},"end":{"line":63,"column":68}}]}},"s":{"0":1,"1":1,"2":1,"3":1,"4":1,"5":0,"6":0,"7":1,"8":1,"9":1,"10":1,"11":0,"12":0,"13":1,"14":1,"15":0,"16":1,"17":1,"18":0,"19":0,"20":0,"21":0,"22":1,"23":1,"24":1,"25":1,"26":1,"27":1,"28":0,"29":0,"30":1,"31":0,"32":0,"33":1,"34":1,"35":1,"36":0,"37":1},"f":{"0":1,"1":0,"2":1,"3":1},"b":{"0":[0,1],"1":[0,1],"2":[0,0],"3":[1],"4":[0,1],"5":[0,1],"6":[1,0],"7":[1,1]}}
,"C:\\Users\\HOFFMAN\\OneDrive\\Documents\\GitHub\\TechAcademy5back\\src\\config\\jwt.ts": {"path":"C:\\Users\\HOFFMAN\\OneDrive\\Documents\\GitHub\\TechAcademy5back\\src\\config\\jwt.ts","statementMap":{"0":{"start":{"line":11,"column":0},"end":{"line":11,"column":16}},"1":{"start":{"line":1,"column":0},"end":{"line":1,"column":28}},"2":{"start":{"line":3,"column":0},"end":{"line":3,"column":32}},"3":{"start":{"line":12,"column":17},"end":{"line":12,"column":39}},"4":{"start":{"line":14,"column":2},"end":{"line":16,"column":3}},"5":{"start":{"line":15,"column":4},"end":{"line":15,"column":74}},"6":{"start":{"line":18,"column":2},"end":{"line":18,"column":16}}},"fnMap":{"0":{"name":"getJwtSecret","decl":{"start":{"line":11,"column":16},"end":{"line":11,"column":28}},"loc":{"start":{"line":11,"column":28},"end":{"line":19,"column":1}}}},"branchMap":{"0":{"loc":{"start":{"line":14,"column":2},"end":{"line":16,"column":3}},"type":"if","locations":[{"start":{"line":14,"column":2},"end":{"line":16,"column":3}},{"start":{},"end":{}}]}},"s":{"0":1,"1":1,"2":1,"3":2,"4":2,"5":0,"6":2},"f":{"0":2},"b":{"0":[0,2]}}
,"C:\\Users\\HOFFMAN\\OneDrive\\Documents\\GitHub\\TechAcademy5back\\src\\config\\database\\index.ts": {"path":"C:\\Users\\HOFFMAN\\OneDrive\\Documents\\GitHub\\TechAcademy5back\\src\\config\\database\\index.ts","statementMap":{"0":{"start":{"line":1,"column":0},"end":{"line":1,"column":38}},"1":{"start":{"line":4,"column":18},"end":{"line":13,"column":null}},"2":{"start":{"line":16,"column":0},"end":{"line":16,"column":25}}},"fnMap":{},"branchMap":{},"s":{"0":3,"1":3,"2":3},"f":{},"b":{}}
,"C:\\Users\\HOFFMAN\\OneDrive\\Documents\\GitHub\\TechAcademy5back\\src\\controllers\\categoria.controller.ts": {"path":"C:\\Users\\HOFFMAN\\OneDrive\\Documents\\GitHub\\TechAcademy5back\\src\\controllers\\categoria.controller.ts","statementMap":{"0":{"start":{"line":2,"column":0},"end":{"line":2,"column":44}},"1":{"start":{"line":3,"column":0},"end":{"line":3,"column":82}},"2":{"start":{"line":5,"column":30},"end":{"line":19,"column":1}},"3":{"start":{"line":6,"column":2},"end":{"line":18,"column":3}},"4":{"start":{"line":7,"column":39},"end":{"line":7,"column":47}},"5":{"start":{"line":9,"column":22},"end":{"line":13,"column":6}},"6":{"start":{"line":15,"column":4},"end":{"line":15,"column":43}},"7":{"start":{"line":17,"column":4},"end":{"line":17,"column":69}},"8":{"start":{"line":5,"column":13},"end":{"line":5,"column":30}},"9":{"start":{"line":21,"column":32},"end":{"line":44,"column":1}},"10":{"start":{"line":22,"column":2},"end":{"line":43,"column":3}},"11":{"start":{"line":23,"column":16},"end":{"line":23,"column":20}},"12":{"start":{"line":24,"column":36},"end":{"line":24,"column":60}},"13":{"start":{"line":25,"column":27},"end":{"line":25,"column":88}},"14":{"start":{"line":30,"column":8},"end":{"line":32,"column":6}},"15":{"start":{"line":34,"column":4},"end":{"line":37,"column":5}},"16":{"start":{"line":35,"column":6},"end":{"line":35,"column":33}},"17":{"start":{"line":36,"column":6},"end":{"line":36,"column":35}},"18":{"start":{"line":39,"column":40},"end":{"line":39,"column":85}},"19":{"start":{"line":40,"column":4},"end":{"line":40,"column":106}},"20":{"start":{"line":42,"column":4},"end":{"line":42,"column":71}},"21":{"start":{"line":21,"column":13},"end":{"line":21,"column":32}},"22":{"start":{"line":46,"column":31},"end":{"line":60,"column":1}},"23":{"start":{"line":47,"column":2},"end":{"line":59,"column":3}},"24":{"start":{"line":48,"column":15},"end":{"line":48,"column":36}},"25":{"start":{"line":50,"column":22},"end":{"line":50,"column":50}},"26":{"start":{"line":52,"column":4},"end":{"line":54,"column":5}},"27":{"start":{"line":53,"column":6},"end":{"line":53,"column":72}},"28":{"start":{"line":56,"column":4},"end":{"line":56,"column":31}},"29":{"start":{"line":58,"column":4},"end":{"line":58,"column":70}},"30":{"start":{"line":46,"column":13},"end":{"line":46,"column":31}},"31":{"start":{"line":62,"column":34},"end":{"line":78,"column":1}},"32":{"start":{"line":63,"column":2},"end":{"line":77,"column":3}},"33":{"start":{"line":64,"column":15},"end":{"line":64,"column":36}},"34":{"start":{"line":66,"column":22},"end":{"line":66,"column":50}},"35":{"start":{"line":68,"column":4},"end":{"line":70,"column":5}},"36":{"start":{"line":69,"column":6},"end":{"line":69,"column":72}},"37":{"start":{"line":72,"column":4},"end":{"line":72,"column":37}},"38":{"start":{"line":74,"column":4},"end":{"line":74,"column":31}},"39":{"start":{"line":76,"column":4},"end":{"line":76,"column":73}},"40":{"start":{"line":62,"column":13},"end":{"line":62,"column":34}},"41":{"start":{"line":80,"column":32},"end":{"line":96,"column":1}},"42":{"start":{"line":81,"column":2},"end":{"line":95,"column":3}},"43":{"start":{"line":82,"column":15},"end":{"line":82,"column":36}},"44":{"start":{"line":84,"column":22},"end":{"line":84,"column":50}},"45":{"start":{"line":86,"column":4},"end":{"line":88,"column":5}},"46":{"start":{"line":87,"column":6},"end":{"line":87,"column":72}},"47":{"start":{"line":90,"column":4},"end":{"line":90,"column":30}},"48":{"start":{"line":92,"column":4},"end":{"line":92,"column":68}},"49":{"start":{"line":94,"column":4},"end":{"line":94,"column":71}},"50":{"start":{"line":80,"column":13},"end":{"line":80,"column":32}}},"fnMap":{"0":{"name":"(anonymous_1)","decl":{"start":{"line":5,"column":30},"end":{"line":5,"column":35}},"loc":{"start":{"line":5,"column":68},"end":{"line":19,"column":1}}},"1":{"name":"(anonymous_2)","decl":{"start":{"line":21,"column":32},"end":{"line":21,"column":37}},"loc":{"start":{"line":21,"column":71},"end":{"line":44,"column":1}}},"2":{"name":"(anonymous_3)","decl":{"start":{"line":46,"column":31},"end":{"line":46,"column":36}},"loc":{"start":{"line":46,"column":69},"end":{"line":60,"column":1}}},"3":{"name":"(anonymous_4)","decl":{"start":{"line":62,"column":34},"end":{"line":62,"column":39}},"loc":{"start":{"line":62,"column":72},"end":{"line":78,"column":1}}},"4":{"name":"(anonymous_5)","decl":{"start":{"line":80,"column":32},"end":{"line":80,"column":37}},"loc":{"start":{"line":80,"column":70},"end":{"line":96,"column":1}}}},"branchMap":{"0":{"loc":{"start":{"line":25,"column":27},"end":{"line":25,"column":88}},"type":"binary-expr","locations":[{"start":{"line":25,"column":27},"end":{"line":25,"column":55}},{"start":{"line":25,"column":59},"end":{"line":25,"column":88}}]},"1":{"loc":{"start":{"line":34,"column":4},"end":{"line":37,"column":5}},"type":"if","locations":[{"start":{"line":34,"column":4},"end":{"line":37,"column":5}},{"start":{},"end":{}}]},"2":{"loc":{"start":{"line":40,"column":20},"end":{"line":40,"column":104}},"type":"cond-expr","locations":[{"start":{"line":40,"column":37},"end":{"line":40,"column":91}},{"start":{"line":40,"column":94},"end":{"line":40,"column":104}}]},"3":{"loc":{"start":{"line":52,"column":4},"end":{"line":54,"column":5}},"type":"if","locations":[{"start":{"line":52,"column":4},"end":{"line":54,"column":5}},{"start":{},"end":{}}]},"4":{"loc":{"start":{"line":68,"column":4},"end":{"line":70,"column":5}},"type":"if","locations":[{"start":{"line":68,"column":4},"end":{"line":70,"column":5}},{"start":{},"end":{}}]},"5":{"loc":{"start":{"line":86,"column":4},"end":{"line":88,"column":5}},"type":"if","locations":[{"start":{"line":86,"column":4},"end":{"line":88,"column":5}},{"start":{},"end":{}}]}},"s":{"0":1,"1":1,"2":1,"3":1,"4":1,"5":1,"6":1,"7":0,"8":1,"9":1,"10":1,"11":1,"12":1,"13":1,"14":1,"15":1,"16":0,"17":0,"18":1,"19":1,"20":0,"21":1,"22":1,"23":1,"24":1,"25":1,"26":1,"27":0,"28":1,"29":0,"30":1,"31":1,"32":1,"33":1,"34":1,"35":1,"36":0,"37":1,"38":1,"39":0,"40":1,"41":1,"42":1,"43":1,"44":1,"45":1,"46":0,"47":1,"48":1,"49":0,"50":1},"f":{"0":1,"1":1,"2":1,"3":1,"4":1},"b":{"0":[1,1],"1":[0,1],"2":[0,1],"3":[0,1],"4":[0,1],"5":[0,1]}}
,"C:\\Users\\HOFFMAN\\OneDrive\\Documents\\GitHub\\TechAcademy5back\\src\\controllers\\cliente.controller.ts": {"path":"C:\\Users\\HOFFMAN\\OneDrive\\Documents\\GitHub\\TechAcademy5back\\src\\controllers\\cliente.controller.ts","statementMap":{"0":{"start":{"line":2,"column":0},"end":{"line":2,"column":31}},"1":{"start":{"line":3,"column":0},"end":{"line":3,"column":28}},"2":{"start":{"line":4,"column":0},"end":{"line":4,"column":31}},"3":{"start":{"line":5,"column":0},"end":{"line":5,"column":40}},"4":{"start":{"line":6,"column":0},"end":{"line":6,"column":45}},"5":{"start":{"line":7,"column":0},"end":{"line":7,"column":82}},"6":{"start":{"line":8,"column":0},"end":{"line":8,"column":null}},"7":{"start":{"line":15,"column":30},"end":{"line":45,"column":1}},"8":{"start":{"line":16,"column":2},"end":{"line":44,"column":3}},"9":{"start":{"line":17,"column":36},"end":{"line":17,"column":60}},"10":{"start":{"line":18,"column":27},"end":{"line":18,"column":88}},"11":{"start":{"line":19,"column":28},"end":{"line":19,"column":93}},"12":{"start":{"line":27,"column":8},"end":{"line":31,"column":6}},"13":{"start":{"line":33,"column":4},"end":{"line":36,"column":5}},"14":{"start":{"line":34,"column":6},"end":{"line":34,"column":33}},"15":{"start":{"line":35,"column":6},"end":{"line":35,"column":35}},"16":{"start":{"line":38,"column":38},"end":{"line":38,"column":81}},"17":{"start":{"line":40,"column":4},"end":{"line":40,"column":107}},"18":{"start":{"line":42,"column":4},"end":{"line":42,"column":53}},"19":{"start":{"line":43,"column":4},"end":{"line":43,"column":75}},"20":{"start":{"line":15,"column":13},"end":{"line":15,"column":30}},"21":{"start":{"line":47,"column":34},"end":{"line":66,"column":1}},"22":{"start":{"line":48,"column":2},"end":{"line":65,"column":3}},"23":{"start":{"line":49,"column":19},"end":{"line":49,"column":29}},"24":{"start":{"line":51,"column":20},"end":{"line":54,"column":6}},"25":{"start":{"line":56,"column":4},"end":{"line":59,"column":5}},"26":{"start":{"line":57,"column":6},"end":{"line":57,"column":68}},"27":{"start":{"line":58,"column":6},"end":{"line":58,"column":13}},"28":{"start":{"line":61,"column":4},"end":{"line":61,"column":34}},"29":{"start":{"line":63,"column":4},"end":{"line":63,"column":52}},"30":{"start":{"line":64,"column":4},"end":{"line":64,"column":74}},"31":{"start":{"line":47,"column":13},"end":{"line":47,"column":34}},"32":{"start":{"line":68,"column":28},"end":{"line":132,"column":1}},"33":{"start":{"line":69,"column":2},"end":{"line":131,"column":3}},"34":{"start":{"line":70,"column":57},"end":{"line":70,"column":65}},"35":{"start":{"line":71,"column":26},"end":{"line":71,"column":37}},"36":{"start":{"line":73,"column":4},"end":{"line":76,"column":5}},"37":{"start":{"line":74,"column":6},"end":{"line":74,"column":87}},"38":{"start":{"line":75,"column":6},"end":{"line":75,"column":13}},"39":{"start":{"line":78,"column":4},"end":{"line":81,"column":5}},"40":{"start":{"line":79,"column":6},"end":{"line":79,"column":61}},"41":{"start":{"line":80,"column":6},"end":{"line":80,"column":13}},"42":{"start":{"line":83,"column":4},"end":{"line":86,"column":5}},"43":{"start":{"line":84,"column":6},"end":{"line":84,"column":58}},"44":{"start":{"line":85,"column":6},"end":{"line":85,"column":13}},"45":{"start":{"line":88,"column":4},"end":{"line":93,"column":5}},"46":{"start":{"line":89,"column":6},"end":{"line":91,"column":9}},"47":{"start":{"line":92,"column":6},"end":{"line":92,"column":13}},"48":{"start":{"line":95,"column":29},"end":{"line":95,"column":72}},"49":{"start":{"line":97,"column":4},"end":{"line":100,"column":5}},"50":{"start":{"line":98,"column":6},"end":{"line":98,"column":66}},"51":{"start":{"line":99,"column":6},"end":{"line":99,"column":13}},"52":{"start":{"line":102,"column":26},"end":{"line":102,"column":42}},"53":{"start":{"line":103,"column":21},"end":{"line":103,"column":77}},"54":{"start":{"line":105,"column":4},"end":{"line":108,"column":5}},"55":{"start":{"line":106,"column":6},"end":{"line":106,"column":63}},"56":{"start":{"line":107,"column":6},"end":{"line":107,"column":13}},"57":{"start":{"line":110,"column":31},"end":{"line":110,"column":59}},"58":{"start":{"line":113,"column":20},"end":{"line":113,"column":67}},"59":{"start":{"line":115,"column":24},"end":{"line":123,"column":6}},"60":{"start":{"line":125,"column":50},"end":{"line":125,"column":70}},"61":{"start":{"line":127,"column":4},"end":{"line":127,"column":96}},"62":{"start":{"line":129,"column":4},"end":{"line":129,"column":51}},"63":{"start":{"line":130,"column":4},"end":{"line":130,"column":73}},"64":{"start":{"line":68,"column":13},"end":{"line":68,"column":28}},"65":{"start":{"line":134,"column":32},"end":{"line":229,"column":1}},"66":{"start":{"line":135,"column":2},"end":{"line":228,"column":3}},"67":{"start":{"line":136,"column":19},"end":{"line":136,"column":29}},"68":{"start":{"line":137,"column":64},"end":{"line":137,"column":72}},"69":{"start":{"line":138,"column":26},"end":{"line":138,"column":37}},"70":{"start":{"line":140,"column":4},"end":{"line":143,"column":5}},"71":{"start":{"line":141,"column":6},"end":{"line":141,"column":69}},"72":{"start":{"line":142,"column":6},"end":{"line":142,"column":13}},"73":{"start":{"line":145,"column":4},"end":{"line":148,"column":5}},"74":{"start":{"line":146,"column":6},"end":{"line":146,"column":93}},"75":{"start":{"line":147,"column":6},"end":{"line":147,"column":13}},"76":{"start":{"line":151,"column":24},"end":{"line":153,"column":39}},"77":{"start":{"line":155,"column":20},"end":{"line":155,"column":65}},"78":{"start":{"line":157,"column":4},"end":{"line":160,"column":5}},"79":{"start":{"line":158,"column":6},"end":{"line":158,"column":68}},"80":{"start":{"line":159,"column":6},"end":{"line":159,"column":13}},"81":{"start":{"line":162,"column":4},"end":{"line":167,"column":5}},"82":{"start":{"line":163,"column":6},"end":{"line":165,"column":9}},"83":{"start":{"line":166,"column":6},"end":{"line":166,"column":13}},"84":{"start":{"line":169,"column":4},"end":{"line":172,"column":5}},"85":{"start":{"line":170,"column":6},"end":{"line":170,"column":78}},"86":{"start":{"line":171,"column":6},"end":{"line":171,"column":13}},"87":{"start":{"line":174,"column":4},"end":{"line":189,"column":5}},"88":{"start":{"line":175,"column":6},"end":{"line":178,"column":7}},"89":{"start":{"line":176,"column":8},"end":{"line":176,"column":60}},"90":{"start":{"line":177,"column":8},"end":{"line":177,"column":15}},"91":{"start":{"line":180,"column":28},"end":{"line":180,"column":44}},"92":{"start":{"line":181,"column":23},"end":{"line":183,"column":8}},"93":{"start":{"line":185,"column":6},"end":{"line":188,"column":7}},"94":{"start":{"line":186,"column":8},"end":{"line":186,"column":84}},"95":{"start":{"line":187,"column":8},"end":{"line":187,"column":15}},"96":{"start":{"line":198,"column":9},"end":{"line":198,"column":11}},"97":{"start":{"line":200,"column":4},"end":{"line":200,"column":43}},"98":{"start":{"line":200,"column":14},"end":{"line":200,"column":43}},"99":{"start":{"line":201,"column":4},"end":{"line":201,"column":69}},"100":{"start":{"line":201,"column":32},"end":{"line":201,"column":69}},"101":{"start":{"line":202,"column":4},"end":{"line":202,"column":53}},"102":{"start":{"line":202,"column":13},"end":{"line":202,"column":53}},"103":{"start":{"line":204,"column":4},"end":{"line":212,"column":5}},"104":{"start":{"line":205,"column":6},"end":{"line":210,"column":7}},"105":{"start":{"line":206,"column":8},"end":{"line":208,"column":11}},"106":{"start":{"line":209,"column":8},"end":{"line":209,"column":15}},"107":{"start":{"line":211,"column":6},"end":{"line":211,"column":60}},"108":{"start":{"line":215,"column":4},"end":{"line":218,"column":5}},"109":{"start":{"line":216,"column":6},"end":{"line":216,"column":71}},"110":{"start":{"line":216,"column":31},"end":{"line":216,"column":71}},"111":{"start":{"line":217,"column":6},"end":{"line":217,"column":71}},"112":{"start":{"line":217,"column":31},"end":{"line":217,"column":71}},"113":{"start":{"line":220,"column":4},"end":{"line":220,"column":43}},"114":{"start":{"line":222,"column":50},"end":{"line":222,"column":66}},"115":{"start":{"line":224,"column":4},"end":{"line":224,"column":100}},"116":{"start":{"line":226,"column":4},"end":{"line":226,"column":55}},"117":{"start":{"line":227,"column":4},"end":{"line":227,"column":77}},"118":{"start":{"line":134,"column":13},"end":{"line":134,"column":32}},"119":{"start":{"line":231,"column":32},"end":{"line":260,"column":1}},"120":{"start":{"line":232,"column":2},"end":{"line":259,"column":3}},"121":{"start":{"line":233,"column":19},"end":{"line":233,"column":29}},"122":{"start":{"line":234,"column":26},"end":{"line":234,"column":37}},"123":{"start":{"line":236,"column":4},"end":{"line":239,"column":5}},"124":{"start":{"line":237,"column":6},"end":{"line":237,"column":69}},"125":{"start":{"line":238,"column":6},"end":{"line":238,"column":13}},"126":{"start":{"line":241,"column":4},"end":{"line":244,"column":5}},"127":{"start":{"line":242,"column":6},"end":{"line":242,"column":96}},"128":{"start":{"line":243,"column":6},"end":{"line":243,"column":13}},"129":{"start":{"line":246,"column":20},"end":{"line":246,"column":85}},"130":{"start":{"line":248,"column":4},"end":{"line":251,"column":5}},"131":{"start":{"line":249,"column":6},"end":{"line":249,"column":82}},"132":{"start":{"line":250,"column":6},"end":{"line":250,"column":13}},"133":{"start":{"line":253,"column":4},"end":{"line":253,"column":43}},"134":{"start":{"line":255,"column":4},"end":{"line":255,"column":74}},"135":{"start":{"line":257,"column":4},"end":{"line":257,"column":55}},"136":{"start":{"line":258,"column":4},"end":{"line":258,"column":77}},"137":{"start":{"line":231,"column":13},"end":{"line":231,"column":32}},"138":{"start":{"line":262,"column":28},"end":{"line":298,"column":1}},"139":{"start":{"line":263,"column":2},"end":{"line":297,"column":3}},"140":{"start":{"line":264,"column":29},"end":{"line":264,"column":37}},"141":{"start":{"line":266,"column":4},"end":{"line":269,"column":5}},"142":{"start":{"line":267,"column":6},"end":{"line":267,"column":77}},"143":{"start":{"line":268,"column":6},"end":{"line":268,"column":13}},"144":{"start":{"line":271,"column":20},"end":{"line":271,"column":76}},"145":{"start":{"line":273,"column":4},"end":{"line":276,"column":5}},"146":{"start":{"line":274,"column":6},"end":{"line":274,"column":67}},"147":{"start":{"line":275,"column":6},"end":{"line":275,"column":13}},"148":{"start":{"line":278,"column":25},"end":{"line":278,"column":67}},"149":{"start":{"line":280,"column":4},"end":{"line":283,"column":5}},"150":{"start":{"line":281,"column":6},"end":{"line":281,"column":67}},"151":{"start":{"line":282,"column":6},"end":{"line":282,"column":13}},"152":{"start":{"line":285,"column":50},"end":{"line":285,"column":66}},"153":{"start":{"line":287,"column":18},"end":{"line":290,"column":null}},"154":{"start":{"line":293,"column":4},"end":{"line":293,"column":104}},"155":{"start":{"line":295,"column":4},"end":{"line":295,"column":43}},"156":{"start":{"line":296,"column":4},"end":{"line":296,"column":65}},"157":{"start":{"line":262,"column":13},"end":{"line":262,"column":28}}},"fnMap":{"0":{"name":"(anonymous_1)","decl":{"start":{"line":15,"column":30},"end":{"line":15,"column":35}},"loc":{"start":{"line":15,"column":83},"end":{"line":45,"column":1}}},"1":{"name":"(anonymous_2)","decl":{"start":{"line":47,"column":34},"end":{"line":47,"column":39}},"loc":{"start":{"line":47,"column":87},"end":{"line":66,"column":1}}},"2":{"name":"(anonymous_3)","decl":{"start":{"line":68,"column":28},"end":{"line":68,"column":33}},"loc":{"start":{"line":68,"column":81},"end":{"line":132,"column":1}}},"3":{"name":"(anonymous_4)","decl":{"start":{"line":134,"column":32},"end":{"line":134,"column":37}},"loc":{"start":{"line":134,"column":85},"end":{"line":229,"column":1}}},"4":{"name":"(anonymous_5)","decl":{"start":{"line":231,"column":32},"end":{"line":231,"column":37}},"loc":{"start":{"line":231,"column":85},"end":{"line":260,"column":1}}},"5":{"name":"(anonymous_6)","decl":{"start":{"line":262,"column":28},"end":{"line":262,"column":33}},"loc":{"start":{"line":262,"column":81},"end":{"line":298,"column":1}}}},"branchMap":{"0":{"loc":{"start":{"line":18,"column":27},"end":{"line":18,"column":88}},"type":"binary-expr","locations":[{"start":{"line":18,"column":27},"end":{"line":18,"column":55}},{"start":{"line":18,"column":59},"end":{"line":18,"column":88}}]},"1":{"loc":{"start":{"line":19,"column":28},"end":{"line":19,"column":93}},"type":"binary-expr","locations":[{"start":{"line":19,"column":28},"end":{"line":19,"column":65}},{"start":{"line":19,"column":69},"end":{"line":19,"column":93}}]},"2":{"loc":{"start":{"line":29,"column":13},"end":{"line":29,"column":51}},"type":"cond-expr","locations":[{"start":{"line":29,"column":31},"end":{"line":29,"column":33}},{"start":{"line":29,"column":36},"end":{"line":29,"column":51}}]},"3":{"loc":{"start":{"line":33,"column":4},"end":{"line":36,"column":5}},"type":"if","locations":[{"start":{"line":33,"column":4},"end":{"line":36,"column":5}},{"start":{},"end":{}}]},"4":{"loc":{"start":{"line":40,"column":25},"end":{"line":40,"column":105}},"type":"cond-expr","locations":[{"start":{"line":40,"column":42},"end":{"line":40,"column":94}},{"start":{"line":40,"column":97},"end":{"line":40,"column":105}}]},"5":{"loc":{"start":{"line":56,"column":4},"end":{"line":59,"column":5}},"type":"if","locations":[{"start":{"line":56,"column":4},"end":{"line":59,"column":5}},{"start":{},"end":{}}]},"6":{"loc":{"start":{"line":73,"column":4},"end":{"line":76,"column":5}},"type":"if","locations":[{"start":{"line":73,"column":4},"end":{"line":76,"column":5}},{"start":{},"end":{}}]},"7":{"loc":{"start":{"line":73,"column":8},"end":{"line":73,"column":41}},"type":"binary-expr","locations":[{"start":{"line":73,"column":8},"end":{"line":73,"column":13}},{"start":{"line":73,"column":17},"end":{"line":73,"column":23}},{"start":{"line":73,"column":27},"end":{"line":73,"column":33}},{"start":{"line":73,"column":37},"end":{"line":73,"column":41}}]},"8":{"loc":{"start":{"line":78,"column":4},"end":{"line":81,"column":5}},"type":"if","locations":[{"start":{"line":78,"column":4},"end":{"line":81,"column":5}},{"start":{},"end":{}}]},"9":{"loc":{"start":{"line":83,"column":4},"end":{"line":86,"column":5}},"type":"if","locations":[{"start":{"line":83,"column":4},"end":{"line":86,"column":5}},{"start":{},"end":{}}]},"10":{"loc":{"start":{"line":88,"column":4},"end":{"line":93,"column":5}},"type":"if","locations":[{"start":{"line":88,"column":4},"end":{"line":93,"column":5}},{"start":{},"end":{}}]},"11":{"loc":{"start":{"line":97,"column":4},"end":{"line":100,"column":5}},"type":"if","locations":[{"start":{"line":97,"column":4},"end":{"line":100,"column":5}},{"start":{},"end":{}}]},"12":{"loc":{"start":{"line":105,"column":4},"end":{"line":108,"column":5}},"type":"if","locations":[{"start":{"line":105,"column":4},"end":{"line":108,"column":5}},{"start":{},"end":{}}]},"13":{"loc":{"start":{"line":113,"column":20},"end":{"line":113,"column":67}},"type":"binary-expr","locations":[{"start":{"line":113,"column":20},"end":{"line":113,"column":49}},{"start":{"line":113,"column":53},"end":{"line":113,"column":67}}]},"14":{"loc":{"start":{"line":119,"column":16},"end":{"line":119,"column":32}},"type":"binary-expr","locations":[{"start":{"line":119,"column":16},"end":{"line":119,"column":24}},{"start":{"line":119,"column":28},"end":{"line":119,"column":32}}]},"15":{"loc":{"start":{"line":140,"column":4},"end":{"line":143,"column":5}},"type":"if","locations":[{"start":{"line":140,"column":4},"end":{"line":143,"column":5}},{"start":{},"end":{}}]},"16":{"loc":{"start":{"line":145,"column":4},"end":{"line":148,"column":5}},"type":"if","locations":[{"start":{"line":145,"column":4},"end":{"line":148,"column":5}},{"start":{},"end":{}}]},"17":{"loc":{"start":{"line":145,"column":8},"end":{"line":145,"column":71}},"type":"binary-expr","locations":[{"start":{"line":145,"column":8},"end":{"line":145,"column":47}},{"start":{"line":145,"column":51},"end":{"line":145,"column":71}}]},"18":{"loc":{"start":{"line":151,"column":24},"end":{"line":153,"column":39}},"type":"cond-expr","locations":[{"start":{"line":152,"column":8},"end":{"line":152,"column":26}},{"start":{"line":153,"column":8},"end":{"line":153,"column":39}}]},"19":{"loc":{"start":{"line":157,"column":4},"end":{"line":160,"column":5}},"type":"if","locations":[{"start":{"line":157,"column":4},"end":{"line":160,"column":5}},{"start":{},"end":{}}]},"20":{"loc":{"start":{"line":162,"column":4},"end":{"line":167,"column":5}},"type":"if","locations":[{"start":{"line":162,"column":4},"end":{"line":167,"column":5}},{"start":{},"end":{}}]},"21":{"loc":{"start":{"line":162,"column":8},"end":{"line":162,"column":44}},"type":"binary-expr","locations":[{"start":{"line":162,"column":8},"end":{"line":162,"column":13}},{"start":{"line":162,"column":17},"end":{"line":162,"column":26}},{"start":{"line":162,"column":30},"end":{"line":162,"column":34}},{"start":{"line":162,"column":38},"end":{"line":162,"column":44}}]},"22":{"loc":{"start":{"line":169,"column":4},"end":{"line":172,"column":5}},"type":"if","locations":[{"start":{"line":169,"column":4},"end":{"line":172,"column":5}},{"start":{},"end":{}}]},"23":{"loc":{"start":{"line":169,"column":8},"end":{"line":169,"column":40}},"type":"binary-expr","locations":[{"start":{"line":169,"column":8},"end":{"line":169,"column":13}},{"start":{"line":169,"column":17},"end":{"line":169,"column":40}}]},"24":{"loc":{"start":{"line":174,"column":4},"end":{"line":189,"column":5}},"type":"if","locations":[{"start":{"line":174,"column":4},"end":{"line":189,"column":5}},{"start":{},"end":{}}]},"25":{"loc":{"start":{"line":174,"column":8},"end":{"line":174,"column":34}},"type":"binary-expr","locations":[{"start":{"line":174,"column":8},"end":{"line":174,"column":11}},{"start":{"line":174,"column":15},"end":{"line":174,"column":34}}]},"26":{"loc":{"start":{"line":175,"column":6},"end":{"line":178,"column":7}},"type":"if","locations":[{"start":{"line":175,"column":6},"end":{"line":178,"column":7}},{"start":{},"end":{}}]},"27":{"loc":{"start":{"line":185,"column":6},"end":{"line":188,"column":7}},"type":"if","locations":[{"start":{"line":185,"column":6},"end":{"line":188,"column":7}},{"start":{},"end":{}}]},"28":{"loc":{"start":{"line":200,"column":4},"end":{"line":200,"column":43}},"type":"if","locations":[{"start":{"line":200,"column":4},"end":{"line":200,"column":43}},{"start":{},"end":{}}]},"29":{"loc":{"start":{"line":201,"column":4},"end":{"line":201,"column":69}},"type":"if","locations":[{"start":{"line":201,"column":4},"end":{"line":201,"column":69}},{"start":{},"end":{}}]},"30":{"loc":{"start":{"line":202,"column":4},"end":{"line":202,"column":53}},"type":"if","locations":[{"start":{"line":202,"column":4},"end":{"line":202,"column":53}},{"start":{},"end":{}}]},"31":{"loc":{"start":{"line":204,"column":4},"end":{"line":212,"column":5}},"type":"if","locations":[{"start":{"line":204,"column":4},"end":{"line":212,"column":5}},{"start":{},"end":{}}]},"32":{"loc":{"start":{"line":205,"column":6},"end":{"line":210,"column":7}},"type":"if","locations":[{"start":{"line":205,"column":6},"end":{"line":210,"column":7}},{"start":{},"end":{}}]},"33":{"loc":{"start":{"line":215,"column":4},"end":{"line":218,"column":5}},"type":"if","locations":[{"start":{"line":215,"column":4},"end":{"line":218,"column":5}},{"start":{},"end":{}}]},"34":{"loc":{"start":{"line":216,"column":6},"end":{"line":216,"column":71}},"type":"if","locations":[{"start":{"line":216,"column":6},"end":{"line":216,"column":71}},{"start":{},"end":{}}]},"35":{"loc":{"start":{"line":217,"column":6},"end":{"line":217,"column":71}},"type":"if","locations":[{"start":{"line":217,"column":6},"end":{"line":217,"column":71}},{"start":{},"end":{}}]},"36":{"loc":{"start":{"line":236,"column":4},"end":{"line":239,"column":5}},"type":"if","locations":[{"start":{"line":236,"column":4},"end":{"line":239,"column":5}},{"start":{},"end":{}}]},"37":{"loc":{"start":{"line":241,"column":4},"end":{"line":244,"column":5}},"type":"if","locations":[{"start":{"line":241,"column":4},"end":{"line":244,"column":5}},{"start":{},"end":{}}]},"38":{"loc":{"start":{"line":241,"column":8},"end":{"line":241,"column":71}},"type":"binary-expr","locations":[{"start":{"line":241,"column":8},"end":{"line":241,"column":47}},{"start":{"line":241,"column":51},"end":{"line":241,"column":71}}]},"39":{"loc":{"start":{"line":248,"column":4},"end":{"line":251,"column":5}},"type":"if","locations":[{"start":{"line":248,"column":4},"end":{"line":251,"column":5}},{"start":{},"end":{}}]},"40":{"loc":{"start":{"line":266,"column":4},"end":{"line":269,"column":5}},"type":"if","locations":[{"start":{"line":266,"column":4},"end":{"line":269,"column":5}},{"start":{},"end":{}}]},"41":{"loc":{"start":{"line":266,"column":8},"end":{"line":266,"column":24}},"type":"binary-expr","locations":[{"start":{"line":266,"column":8},"end":{"line":266,"column":14}},{"start":{"line":266,"column":18},"end":{"line":266,"column":24}}]},"42":{"loc":{"start":{"line":273,"column":4},"end":{"line":276,"column":5}},"type":"if","locations":[{"start":{"line":273,"column":4},"end":{"line":276,"column":5}},{"start":{},"end":{}}]},"43":{"loc":{"start":{"line":280,"column":4},"end":{"line":283,"column":5}},"type":"if","locations":[{"start":{"line":280,"column":4},"end":{"line":283,"column":5}},{"start":{},"end":{}}]}},"s":{"0":1,"1":1,"2":1,"3":1,"4":1,"5":1,"6":1,"7":1,"8":1,"9":1,"10":1,"11":1,"12":1,"13":1,"14":1,"15":1,"16":1,"17":1,"18":0,"19":0,"20":1,"21":1,"22":1,"23":1,"24":1,"25":1,"26":1,"27":1,"28":0,"29":0,"30":0,"31":1,"32":1,"33":3,"34":3,"35":3,"36":3,"37":1,"38":1,"39":2,"40":1,"41":1,"42":1,"43":0,"44":0,"45":1,"46":0,"47":0,"48":1,"49":1,"50":0,"51":0,"52":1,"53":1,"54":1,"55":0,"56":0,"57":1,"58":1,"59":1,"60":1,"61":1,"62":0,"63":0,"64":1,"65":1,"66":0,"67":0,"68":0,"69":0,"70":0,"71":0,"72":0,"73":0,"74":0,"75":0,"76":0,"77":0,"78":0,"79":0,"80":0,"81":0,"82":0,"83":0,"84":0,"85":0,"86":0,"87":0,"88":0,"89":0,"90":0,"91":0,"92":0,"93":0,"94":0,"95":0,"96":0,"97":0,"98":0,"99":0,"100":0,"101":0,"102":0,"103":0,"104":0,"105":0,"106":0,"107":0,"108":0,"109":0,"110":0,"111":0,"112":0,"113":0,"114":0,"115":0,"116":0,"117":0,"118":1,"119":1,"120":0,"121":0,"122":0,"123":0,"124":0,"125":0,"126":0,"127":0,"128":0,"129":0,"130":0,"131":0,"132":0,"133":0,"134":0,"135":0,"136":0,"137":1,"138":1,"139":1,"140":1,"141":1,"142":0,"143":0,"144":1,"145":1,"146":0,"147":0,"148":1,"149":1,"150":0,"151":0,"152":1,"153":1,"154":1,"155":0,"156":0,"157":1},"f":{"0":1,"1":1,"2":3,"3":0,"4":0,"5":1},"b":{"0":[1,0],"1":[1,1],"2":[0,1],"3":[1,0],"4":[1,0],"5":[1,0],"6":[1,2],"7":[3,3,2,2],"8":[1,1],"9":[0,1],"10":[0,1],"11":[0,1],"12":[0,1],"13":[1,0],"14":[1,1],"15":[0,0],"16":[0,0],"17":[0,0],"18":[0,0],"19":[0,0],"20":[0,0],"21":[0,0,0,0],"22":[0,0],"23":[0,0],"24":[0,0],"25":[0,0],"26":[0,0],"27":[0,0],"28":[0,0],"29":[0,0],"30":[0,0],"31":[0,0],"32":[0,0],"33":[0,0],"34":[0,0],"35":[0,0],"36":[0,0],"37":[0,0],"38":[0,0],"39":[0,0],"40":[0,1],"41":[1,1],"42":[0,1],"43":[0,1]}}
,"C:\\Users\\HOFFMAN\\OneDrive\\Documents\\GitHub\\TechAcademy5back\\src\\controllers\\endereco.controller.ts": {"path":"C:\\Users\\HOFFMAN\\OneDrive\\Documents\\GitHub\\TechAcademy5back\\src\\controllers\\endereco.controller.ts","statementMap":{"0":{"start":{"line":2,"column":0},"end":{"line":2,"column":42}},"1":{"start":{"line":3,"column":0},"end":{"line":3,"column":40}},"2":{"start":{"line":4,"column":0},"end":{"line":4,"column":82}},"3":{"start":{"line":6,"column":30},"end":{"line":13,"column":1}},"4":{"start":{"line":7,"column":2},"end":{"line":10,"column":3}},"5":{"start":{"line":8,"column":4},"end":{"line":8,"column":67}},"6":{"start":{"line":9,"column":4},"end":{"line":9,"column":16}},"7":{"start":{"line":12,"column":2},"end":{"line":12,"column":21}},"8":{"start":{"line":16,"column":31},"end":{"line":47,"column":1}},"9":{"start":{"line":17,"column":2},"end":{"line":46,"column":3}},"10":{"start":{"line":18,"column":36},"end":{"line":18,"column":60}},"11":{"start":{"line":19,"column":27},"end":{"line":19,"column":88}},"12":{"start":{"line":20,"column":24},"end":{"line":30,"column":6}},"13":{"start":{"line":32,"column":39},"end":{"line":38,"column":51}},"14":{"start":{"line":40,"column":4},"end":{"line":42,"column":96}},"15":{"start":{"line":44,"column":4},"end":{"line":44,"column":54}},"16":{"start":{"line":45,"column":4},"end":{"line":45,"column":76}},"17":{"start":{"line":16,"column":13},"end":{"line":16,"column":31}},"18":{"start":{"line":50,"column":41},"end":{"line":75,"column":1}},"19":{"start":{"line":51,"column":2},"end":{"line":74,"column":3}},"20":{"start":{"line":52,"column":23},"end":{"line":52,"column":52}},"21":{"start":{"line":53,"column":36},"end":{"line":53,"column":60}},"22":{"start":{"line":54,"column":27},"end":{"line":54,"column":88}},"23":{"start":{"line":55,"column":24},"end":{"line":58,"column":6}},"24":{"start":{"line":60,"column":39},"end":{"line":66,"column":51}},"25":{"start":{"line":68,"column":4},"end":{"line":70,"column":96}},"26":{"start":{"line":72,"column":4},"end":{"line":72,"column":65}},"27":{"start":{"line":73,"column":4},"end":{"line":73,"column":87}},"28":{"start":{"line":50,"column":13},"end":{"line":50,"column":41}},"29":{"start":{"line":78,"column":35},"end":{"line":112,"column":1}},"30":{"start":{"line":79,"column":2},"end":{"line":111,"column":3}},"31":{"start":{"line":80,"column":24},"end":{"line":80,"column":45}},"32":{"start":{"line":81,"column":26},"end":{"line":81,"column":57}},"33":{"start":{"line":83,"column":4},"end":{"line":85,"column":5}},"34":{"start":{"line":84,"column":6},"end":{"line":84,"column":13}},"35":{"start":{"line":87,"column":21},"end":{"line":95,"column":6}},"36":{"start":{"line":97,"column":4},"end":{"line":100,"column":5}},"37":{"start":{"line":98,"column":6},"end":{"line":98,"column":69}},"38":{"start":{"line":99,"column":6},"end":{"line":99,"column":13}},"39":{"start":{"line":102,"column":4},"end":{"line":105,"column":5}},"40":{"start":{"line":103,"column":6},"end":{"line":103,"column":95}},"41":{"start":{"line":104,"column":6},"end":{"line":104,"column":13}},"42":{"start":{"line":107,"column":4},"end":{"line":107,"column":35}},"43":{"start":{"line":109,"column":4},"end":{"line":109,"column":53}},"44":{"start":{"line":110,"column":4},"end":{"line":110,"column":75}},"45":{"start":{"line":78,"column":13},"end":{"line":78,"column":35}},"46":{"start":{"line":115,"column":29},"end":{"line":162,"column":1}},"47":{"start":{"line":116,"column":2},"end":{"line":161,"column":3}},"48":{"start":{"line":117,"column":26},"end":{"line":117,"column":57}},"49":{"start":{"line":119,"column":4},"end":{"line":121,"column":5}},"50":{"start":{"line":120,"column":6},"end":{"line":120,"column":13}},"51":{"start":{"line":123,"column":77},"end":{"line":123,"column":85}},"52":{"start":{"line":124,"column":26},"end":{"line":124,"column":83}},"53":{"start":{"line":125,"column":22},"end":{"line":125,"column":84}},"54":{"start":{"line":127,"column":4},"end":{"line":130,"column":5}},"55":{"start":{"line":128,"column":6},"end":{"line":128,"column":72}},"56":{"start":{"line":129,"column":6},"end":{"line":129,"column":13}},"57":{"start":{"line":132,"column":4},"end":{"line":135,"column":5}},"58":{"start":{"line":133,"column":6},"end":{"line":133,"column":93}},"59":{"start":{"line":134,"column":6},"end":{"line":134,"column":13}},"60":{"start":{"line":137,"column":20},"end":{"line":137,"column":53}},"61":{"start":{"line":139,"column":4},"end":{"line":142,"column":5}},"62":{"start":{"line":140,"column":6},"end":{"line":140,"column":68}},"63":{"start":{"line":141,"column":6},"end":{"line":141,"column":13}},"64":{"start":{"line":144,"column":25},"end":{"line":152,"column":6}},"65":{"start":{"line":154,"column":4},"end":{"line":157,"column":7}},"66":{"start":{"line":159,"column":4},"end":{"line":159,"column":52}},"67":{"start":{"line":160,"column":4},"end":{"line":160,"column":74}},"68":{"start":{"line":115,"column":13},"end":{"line":115,"column":29}},"69":{"start":{"line":165,"column":33},"end":{"line":205,"column":1}},"70":{"start":{"line":166,"column":2},"end":{"line":204,"column":3}},"71":{"start":{"line":167,"column":24},"end":{"line":167,"column":45}},"72":{"start":{"line":168,"column":26},"end":{"line":168,"column":57}},"73":{"start":{"line":170,"column":4},"end":{"line":172,"column":5}},"74":{"start":{"line":171,"column":6},"end":{"line":171,"column":13}},"75":{"start":{"line":174,"column":21},"end":{"line":174,"column":57}},"76":{"start":{"line":176,"column":4},"end":{"line":179,"column":5}},"77":{"start":{"line":177,"column":6},"end":{"line":177,"column":69}},"78":{"start":{"line":178,"column":6},"end":{"line":178,"column":13}},"79":{"start":{"line":181,"column":4},"end":{"line":184,"column":5}},"80":{"start":{"line":182,"column":6},"end":{"line":182,"column":97}},"81":{"start":{"line":183,"column":6},"end":{"line":183,"column":13}},"82":{"start":{"line":186,"column":65},"end":{"line":186,"column":73}},"83":{"start":{"line":188,"column":4},"end":{"line":195,"column":7}},"84":{"start":{"line":197,"column":4},"end":{"line":200,"column":7}},"85":{"start":{"line":202,"column":4},"end":{"line":202,"column":56}},"86":{"start":{"line":203,"column":4},"end":{"line":203,"column":78}},"87":{"start":{"line":165,"column":13},"end":{"line":165,"column":33}},"88":{"start":{"line":208,"column":31},"end":{"line":236,"column":1}},"89":{"start":{"line":209,"column":2},"end":{"line":235,"column":3}},"90":{"start":{"line":210,"column":24},"end":{"line":210,"column":45}},"91":{"start":{"line":211,"column":26},"end":{"line":211,"column":57}},"92":{"start":{"line":213,"column":4},"end":{"line":215,"column":5}},"93":{"start":{"line":214,"column":6},"end":{"line":214,"column":13}},"94":{"start":{"line":217,"column":21},"end":{"line":217,"column":57}},"95":{"start":{"line":219,"column":4},"end":{"line":222,"column":5}},"96":{"start":{"line":220,"column":6},"end":{"line":220,"column":69}},"97":{"start":{"line":221,"column":6},"end":{"line":221,"column":13}},"98":{"start":{"line":224,"column":4},"end":{"line":227,"column":5}},"99":{"start":{"line":225,"column":6},"end":{"line":225,"column":95}},"100":{"start":{"line":226,"column":6},"end":{"line":226,"column":13}},"101":{"start":{"line":229,"column":4},"end":{"line":229,"column":29}},"102":{"start":{"line":231,"column":4},"end":{"line":231,"column":73}},"103":{"start":{"line":233,"column":4},"end":{"line":233,"column":54}},"104":{"start":{"line":234,"column":4},"end":{"line":234,"column":76}},"105":{"start":{"line":208,"column":13},"end":{"line":208,"column":31}}},"fnMap":{"0":{"name":"(anonymous_1)","decl":{"start":{"line":6,"column":30},"end":{"line":6,"column":31}},"loc":{"start":{"line":6,"column":62},"end":{"line":13,"column":1}}},"1":{"name":"(anonymous_2)","decl":{"start":{"line":16,"column":31},"end":{"line":16,"column":36}},"loc":{"start":{"line":16,"column":84},"end":{"line":47,"column":1}}},"2":{"name":"(anonymous_3)","decl":{"start":{"line":50,"column":41},"end":{"line":50,"column":46}},"loc":{"start":{"line":50,"column":94},"end":{"line":75,"column":1}}},"3":{"name":"(anonymous_4)","decl":{"start":{"line":78,"column":35},"end":{"line":78,"column":40}},"loc":{"start":{"line":78,"column":88},"end":{"line":112,"column":1}}},"4":{"name":"(anonymous_5)","decl":{"start":{"line":115,"column":29},"end":{"line":115,"column":34}},"loc":{"start":{"line":115,"column":82},"end":{"line":162,"column":1}}},"5":{"name":"(anonymous_6)","decl":{"start":{"line":165,"column":33},"end":{"line":165,"column":38}},"loc":{"start":{"line":165,"column":86},"end":{"line":205,"column":1}}},"6":{"name":"(anonymous_7)","decl":{"start":{"line":208,"column":31},"end":{"line":208,"column":36}},"loc":{"start":{"line":208,"column":84},"end":{"line":236,"column":1}}}},"branchMap":{"0":{"loc":{"start":{"line":7,"column":2},"end":{"line":10,"column":3}},"type":"if","locations":[{"start":{"line":7,"column":2},"end":{"line":10,"column":3}},{"start":{},"end":{}}]},"1":{"loc":{"start":{"line":19,"column":27},"end":{"line":19,"column":88}},"type":"binary-expr","locations":[{"start":{"line":19,"column":27},"end":{"line":19,"column":55}},{"start":{"line":19,"column":59},"end":{"line":19,"column":88}}]},"2":{"loc":{"start":{"line":32,"column":39},"end":{"line":38,"column":51}},"type":"cond-expr","locations":[{"start":{"line":33,"column":8},"end":{"line":37,"column":10}},{"start":{"line":38,"column":8},"end":{"line":38,"column":51}}]},"3":{"loc":{"start":{"line":42,"column":12},"end":{"line":42,"column":94}},"type":"cond-expr","locations":[{"start":{"line":42,"column":29},"end":{"line":42,"column":82}},{"start":{"line":42,"column":85},"end":{"line":42,"column":94}}]},"4":{"loc":{"start":{"line":54,"column":27},"end":{"line":54,"column":88}},"type":"binary-expr","locations":[{"start":{"line":54,"column":27},"end":{"line":54,"column":55}},{"start":{"line":54,"column":59},"end":{"line":54,"column":88}}]},"5":{"loc":{"start":{"line":60,"column":39},"end":{"line":66,"column":51}},"type":"cond-expr","locations":[{"start":{"line":61,"column":8},"end":{"line":65,"column":10}},{"start":{"line":66,"column":8},"end":{"line":66,"column":51}}]},"6":{"loc":{"start":{"line":70,"column":12},"end":{"line":70,"column":94}},"type":"cond-expr","locations":[{"start":{"line":70,"column":29},"end":{"line":70,"column":82}},{"start":{"line":70,"column":85},"end":{"line":70,"column":94}}]},"7":{"loc":{"start":{"line":83,"column":4},"end":{"line":85,"column":5}},"type":"if","locations":[{"start":{"line":83,"column":4},"end":{"line":85,"column":5}},{"start":{},"end":{}}]},"8":{"loc":{"start":{"line":97,"column":4},"end":{"line":100,"column":5}},"type":"if","locations":[{"start":{"line":97,"column":4},"end":{"line":100,"column":5}},{"start":{},"end":{}}]},"9":{"loc":{"start":{"line":102,"column":4},"end":{"line":105,"column":5}},"type":"if","locations":[{"start":{"line":102,"column":4},"end":{"line":105,"column":5}},{"start":{},"end":{}}]},"10":{"loc":{"start":{"line":102,"column":8},"end":{"line":102,"column":80}},"type":"binary-expr","locations":[{"start":{"line":102,"column":8},"end":{"line":102,"column":28}},{"start":{"line":102,"column":32},"end":{"line":102,"column":80}}]},"11":{"loc":{"start":{"line":119,"column":4},"end":{"line":121,"column":5}},"type":"if","locations":[{"start":{"line":119,"column":4},"end":{"line":121,"column":5}},{"start":{},"end":{}}]},"12":{"loc":{"start":{"line":124,"column":26},"end":{"line":124,"column":83}},"type":"cond-expr","locations":[{"start":{"line":124,"column":53},"end":{"line":124,"column":71}},{"start":{"line":124,"column":74},"end":{"line":124,"column":83}}]},"13":{"loc":{"start":{"line":125,"column":22},"end":{"line":125,"column":84}},"type":"cond-expr","locations":[{"start":{"line":125,"column":44},"end":{"line":125,"column":57}},{"start":{"line":125,"column":60},"end":{"line":125,"column":84}}]},"14":{"loc":{"start":{"line":127,"column":4},"end":{"line":130,"column":5}},"type":"if","locations":[{"start":{"line":127,"column":4},"end":{"line":130,"column":5}},{"start":{},"end":{}}]},"15":{"loc":{"start":{"line":132,"column":4},"end":{"line":135,"column":5}},"type":"if","locations":[{"start":{"line":132,"column":4},"end":{"line":135,"column":5}},{"start":{},"end":{}}]},"16":{"loc":{"start":{"line":132,"column":8},"end":{"line":132,"column":105}},"type":"binary-expr","locations":[{"start":{"line":132,"column":8},"end":{"line":132,"column":28}},{"start":{"line":132,"column":32},"end":{"line":132,"column":59}},{"start":{"line":132,"column":63},"end":{"line":132,"column":105}}]},"17":{"loc":{"start":{"line":139,"column":4},"end":{"line":142,"column":5}},"type":"if","locations":[{"start":{"line":139,"column":4},"end":{"line":142,"column":5}},{"start":{},"end":{}}]},"18":{"loc":{"start":{"line":170,"column":4},"end":{"line":172,"column":5}},"type":"if","locations":[{"start":{"line":170,"column":4},"end":{"line":172,"column":5}},{"start":{},"end":{}}]},"19":{"loc":{"start":{"line":176,"column":4},"end":{"line":179,"column":5}},"type":"if","locations":[{"start":{"line":176,"column":4},"end":{"line":179,"column":5}},{"start":{},"end":{}}]},"20":{"loc":{"start":{"line":181,"column":4},"end":{"line":184,"column":5}},"type":"if","locations":[{"start":{"line":181,"column":4},"end":{"line":184,"column":5}},{"start":{},"end":{}}]},"21":{"loc":{"start":{"line":181,"column":8},"end":{"line":181,"column":80}},"type":"binary-expr","locations":[{"start":{"line":181,"column":8},"end":{"line":181,"column":28}},{"start":{"line":181,"column":32},"end":{"line":181,"column":80}}]},"22":{"loc":{"start":{"line":213,"column":4},"end":{"line":215,"column":5}},"type":"if","locations":[{"start":{"line":213,"column":4},"end":{"line":215,"column":5}},{"start":{},"end":{}}]},"23":{"loc":{"start":{"line":219,"column":4},"end":{"line":222,"column":5}},"type":"if","locations":[{"start":{"line":219,"column":4},"end":{"line":222,"column":5}},{"start":{},"end":{}}]},"24":{"loc":{"start":{"line":224,"column":4},"end":{"line":227,"column":5}},"type":"if","locations":[{"start":{"line":224,"column":4},"end":{"line":227,"column":5}},{"start":{},"end":{}}]},"25":{"loc":{"start":{"line":224,"column":8},"end":{"line":224,"column":80}},"type":"binary-expr","locations":[{"start":{"line":224,"column":8},"end":{"line":224,"column":28}},{"start":{"line":224,"column":32},"end":{"line":224,"column":80}}]}},"s":{"0":1,"1":1,"2":1,"3":1,"4":5,"5":0,"6":0,"7":5,"8":1,"9":1,"10":1,"11":1,"12":1,"13":1,"14":1,"15":0,"16":0,"17":1,"18":1,"19":1,"20":1,"21":1,"22":1,"23":1,"24":1,"25":1,"26":0,"27":0,"28":1,"29":1,"30":2,"31":2,"32":2,"33":2,"34":0,"35":2,"36":2,"37":0,"38":0,"39":2,"40":1,"41":1,"42":1,"43":0,"44":0,"45":1,"46":1,"47":1,"48":1,"49":1,"50":0,"51":1,"52":1,"53":1,"54":1,"55":0,"56":0,"57":1,"58":0,"59":0,"60":1,"61":1,"62":0,"63":0,"64":1,"65":1,"66":0,"67":0,"68":1,"69":1,"70":1,"71":1,"72":1,"73":1,"74":0,"75":1,"76":1,"77":0,"78":0,"79":1,"80":0,"81":0,"82":1,"83":1,"84":1,"85":0,"86":0,"87":1,"88":1,"89":1,"90":1,"91":1,"92":1,"93":0,"94":1,"95":1,"96":0,"97":0,"98":1,"99":0,"100":0,"101":1,"102":1,"103":0,"104":0,"105":1},"f":{"0":5,"1":1,"2":1,"3":2,"4":1,"5":1,"6":1},"b":{"0":[0,5],"1":[1,0],"2":[1,0],"3":[1,0],"4":[1,0],"5":[1,0],"6":[1,0],"7":[0,2],"8":[0,2],"9":[1,1],"10":[2,2],"11":[0,1],"12":[0,1],"13":[0,1],"14":[0,1],"15":[0,1],"16":[1,1,0],"17":[0,1],"18":[0,1],"19":[0,1],"20":[0,1],"21":[1,1],"22":[0,1],"23":[0,1],"24":[0,1],"25":[1,1]}}
,"C:\\Users\\HOFFMAN\\OneDrive\\Documents\\GitHub\\TechAcademy5back\\src\\controllers\\itempedido.controller.ts": {"path":"C:\\Users\\HOFFMAN\\OneDrive\\Documents\\GitHub\\TechAcademy5back\\src\\controllers\\itempedido.controller.ts","statementMap":{"0":{"start":{"line":2,"column":0},"end":{"line":2,"column":46}},"1":{"start":{"line":3,"column":0},"end":{"line":3,"column":38}},"2":{"start":{"line":4,"column":0},"end":{"line":4,"column":40}},"3":{"start":{"line":5,"column":0},"end":{"line":5,"column":43}},"4":{"start":{"line":6,"column":0},"end":{"line":6,"column":82}},"5":{"start":{"line":8,"column":30},"end":{"line":15,"column":1}},"6":{"start":{"line":9,"column":2},"end":{"line":12,"column":3}},"7":{"start":{"line":10,"column":4},"end":{"line":10,"column":67}},"8":{"start":{"line":11,"column":4},"end":{"line":11,"column":16}},"9":{"start":{"line":14,"column":2},"end":{"line":14,"column":21}},"10":{"start":{"line":17,"column":30},"end":{"line":30,"column":1}},"11":{"start":{"line":18,"column":24},"end":{"line":18,"column":55}},"12":{"start":{"line":20,"column":2},"end":{"line":22,"column":3}},"13":{"start":{"line":21,"column":4},"end":{"line":21,"column":17}},"14":{"start":{"line":24,"column":2},"end":{"line":27,"column":3}},"15":{"start":{"line":25,"column":4},"end":{"line":25,"column":91}},"16":{"start":{"line":26,"column":4},"end":{"line":26,"column":17}},"17":{"start":{"line":29,"column":2},"end":{"line":29,"column":14}},"18":{"start":{"line":33,"column":35},"end":{"line":75,"column":1}},"19":{"start":{"line":34,"column":2},"end":{"line":74,"column":3}},"20":{"start":{"line":35,"column":22},"end":{"line":35,"column":50}},"21":{"start":{"line":36,"column":36},"end":{"line":36,"column":60}},"22":{"start":{"line":37,"column":27},"end":{"line":37,"column":88}},"23":{"start":{"line":39,"column":19},"end":{"line":39,"column":51}},"24":{"start":{"line":41,"column":4},"end":{"line":44,"column":5}},"25":{"start":{"line":42,"column":6},"end":{"line":42,"column":67}},"26":{"start":{"line":43,"column":6},"end":{"line":43,"column":13}},"27":{"start":{"line":46,"column":4},"end":{"line":48,"column":5}},"28":{"start":{"line":47,"column":6},"end":{"line":47,"column":13}},"29":{"start":{"line":50,"column":24},"end":{"line":60,"column":6}},"30":{"start":{"line":62,"column":35},"end":{"line":68,"column":53}},"31":{"start":{"line":70,"column":4},"end":{"line":70,"column":101}},"32":{"start":{"line":72,"column":4},"end":{"line":72,"column":60}},"33":{"start":{"line":73,"column":4},"end":{"line":73,"column":82}},"34":{"start":{"line":33,"column":13},"end":{"line":33,"column":35}},"35":{"start":{"line":78,"column":31},"end":{"line":113,"column":1}},"36":{"start":{"line":79,"column":2},"end":{"line":112,"column":3}},"37":{"start":{"line":80,"column":20},"end":{"line":80,"column":41}},"38":{"start":{"line":82,"column":17},"end":{"line":90,"column":6}},"39":{"start":{"line":92,"column":4},"end":{"line":95,"column":5}},"40":{"start":{"line":93,"column":6},"end":{"line":93,"column":65}},"41":{"start":{"line":94,"column":6},"end":{"line":94,"column":13}},"42":{"start":{"line":97,"column":19},"end":{"line":97,"column":56}},"43":{"start":{"line":99,"column":4},"end":{"line":102,"column":5}},"44":{"start":{"line":100,"column":6},"end":{"line":100,"column":67}},"45":{"start":{"line":101,"column":6},"end":{"line":101,"column":13}},"46":{"start":{"line":104,"column":4},"end":{"line":106,"column":5}},"47":{"start":{"line":105,"column":6},"end":{"line":105,"column":13}},"48":{"start":{"line":108,"column":4},"end":{"line":108,"column":31}},"49":{"start":{"line":110,"column":4},"end":{"line":110,"column":49}},"50":{"start":{"line":111,"column":4},"end":{"line":111,"column":71}},"51":{"start":{"line":78,"column":13},"end":{"line":78,"column":31}},"52":{"start":{"line":116,"column":29},"end":{"line":202,"column":1}},"53":{"start":{"line":117,"column":22},"end":{"line":117,"column":51}},"54":{"start":{"line":119,"column":2},"end":{"line":201,"column":3}},"55":{"start":{"line":120,"column":22},"end":{"line":120,"column":50}},"56":{"start":{"line":121,"column":55},"end":{"line":121,"column":63}},"57":{"start":{"line":123,"column":4},"end":{"line":127,"column":5}},"58":{"start":{"line":124,"column":6},"end":{"line":124,"column":35}},"59":{"start":{"line":125,"column":6},"end":{"line":125,"column":102}},"60":{"start":{"line":126,"column":6},"end":{"line":126,"column":13}},"61":{"start":{"line":129,"column":19},"end":{"line":129,"column":68}},"62":{"start":{"line":131,"column":4},"end":{"line":135,"column":5}},"63":{"start":{"line":132,"column":6},"end":{"line":132,"column":35}},"64":{"start":{"line":133,"column":6},"end":{"line":133,"column":67}},"65":{"start":{"line":134,"column":6},"end":{"line":134,"column":13}},"66":{"start":{"line":137,"column":4},"end":{"line":140,"column":5}},"67":{"start":{"line":138,"column":6},"end":{"line":138,"column":35}},"68":{"start":{"line":139,"column":6},"end":{"line":139,"column":13}},"69":{"start":{"line":142,"column":29},"end":{"line":142,"column":65}},"70":{"start":{"line":143,"column":4},"end":{"line":149,"column":5}},"71":{"start":{"line":144,"column":6},"end":{"line":144,"column":35}},"72":{"start":{"line":145,"column":6},"end":{"line":147,"column":9}},"73":{"start":{"line":148,"column":6},"end":{"line":148,"column":13}},"74":{"start":{"line":151,"column":20},"end":{"line":154,"column":6}},"75":{"start":{"line":156,"column":4},"end":{"line":160,"column":5}},"76":{"start":{"line":157,"column":6},"end":{"line":157,"column":35}},"77":{"start":{"line":158,"column":6},"end":{"line":158,"column":79}},"78":{"start":{"line":159,"column":6},"end":{"line":159,"column":13}},"79":{"start":{"line":162,"column":26},"end":{"line":165,"column":6}},"80":{"start":{"line":169,"column":4},"end":{"line":185,"column":5}},"81":{"start":{"line":170,"column":6},"end":{"line":173,"column":8}},"82":{"start":{"line":174,"column":6},"end":{"line":174,"column":27}},"83":{"start":{"line":176,"column":6},"end":{"line":184,"column":8}},"84":{"start":{"line":187,"column":23},"end":{"line":187,"column":86}},"85":{"start":{"line":188,"column":22},"end":{"line":190,"column":null}},"86":{"start":{"line":189,"column":18},"end":{"line":189,"column":63}},"87":{"start":{"line":192,"column":4},"end":{"line":192,"column":63}},"88":{"start":{"line":194,"column":4},"end":{"line":194,"column":31}},"89":{"start":{"line":196,"column":4},"end":{"line":196,"column":75}},"90":{"start":{"line":198,"column":4},"end":{"line":198,"column":33}},"91":{"start":{"line":199,"column":4},"end":{"line":199,"column":52}},"92":{"start":{"line":200,"column":4},"end":{"line":200,"column":74}},"93":{"start":{"line":116,"column":13},"end":{"line":116,"column":29}},"94":{"start":{"line":205,"column":39},"end":{"line":265,"column":1}},"95":{"start":{"line":206,"column":22},"end":{"line":206,"column":51}},"96":{"start":{"line":208,"column":2},"end":{"line":264,"column":3}},"97":{"start":{"line":209,"column":20},"end":{"line":209,"column":41}},"98":{"start":{"line":210,"column":27},"end":{"line":210,"column":35}},"99":{"start":{"line":212,"column":4},"end":{"line":216,"column":5}},"100":{"start":{"line":213,"column":6},"end":{"line":213,"column":35}},"101":{"start":{"line":214,"column":6},"end":{"line":214,"column":80}},"102":{"start":{"line":215,"column":6},"end":{"line":215,"column":13}},"103":{"start":{"line":218,"column":17},"end":{"line":218,"column":68}},"104":{"start":{"line":220,"column":4},"end":{"line":224,"column":5}},"105":{"start":{"line":221,"column":6},"end":{"line":221,"column":35}},"106":{"start":{"line":222,"column":6},"end":{"line":222,"column":65}},"107":{"start":{"line":223,"column":6},"end":{"line":223,"column":13}},"108":{"start":{"line":226,"column":19},"end":{"line":226,"column":73}},"109":{"start":{"line":228,"column":4},"end":{"line":232,"column":5}},"110":{"start":{"line":229,"column":6},"end":{"line":229,"column":35}},"111":{"start":{"line":230,"column":6},"end":{"line":230,"column":67}},"112":{"start":{"line":231,"column":6},"end":{"line":231,"column":13}},"113":{"start":{"line":234,"column":4},"end":{"line":237,"column":5}},"114":{"start":{"line":235,"column":6},"end":{"line":235,"column":35}},"115":{"start":{"line":236,"column":6},"end":{"line":236,"column":13}},"116":{"start":{"line":239,"column":29},"end":{"line":239,"column":65}},"117":{"start":{"line":240,"column":4},"end":{"line":246,"column":5}},"118":{"start":{"line":241,"column":6},"end":{"line":241,"column":35}},"119":{"start":{"line":242,"column":6},"end":{"line":244,"column":9}},"120":{"start":{"line":245,"column":6},"end":{"line":245,"column":13}},"121":{"start":{"line":248,"column":4},"end":{"line":248,"column":75}},"122":{"start":{"line":250,"column":23},"end":{"line":250,"column":102}},"123":{"start":{"line":251,"column":22},"end":{"line":253,"column":null}},"124":{"start":{"line":252,"column":18},"end":{"line":252,"column":63}},"125":{"start":{"line":255,"column":4},"end":{"line":255,"column":63}},"126":{"start":{"line":257,"column":4},"end":{"line":257,"column":31}},"127":{"start":{"line":259,"column":4},"end":{"line":259,"column":71}},"128":{"start":{"line":261,"column":4},"end":{"line":261,"column":33}},"129":{"start":{"line":262,"column":4},"end":{"line":262,"column":52}},"130":{"start":{"line":263,"column":4},"end":{"line":263,"column":74}},"131":{"start":{"line":205,"column":13},"end":{"line":205,"column":39}},"132":{"start":{"line":268,"column":27},"end":{"line":321,"column":1}},"133":{"start":{"line":269,"column":22},"end":{"line":269,"column":51}},"134":{"start":{"line":271,"column":2},"end":{"line":320,"column":3}},"135":{"start":{"line":272,"column":20},"end":{"line":272,"column":41}},"136":{"start":{"line":274,"column":17},"end":{"line":274,"column":68}},"137":{"start":{"line":276,"column":4},"end":{"line":280,"column":5}},"138":{"start":{"line":277,"column":6},"end":{"line":277,"column":35}},"139":{"start":{"line":278,"column":6},"end":{"line":278,"column":65}},"140":{"start":{"line":279,"column":6},"end":{"line":279,"column":13}},"141":{"start":{"line":282,"column":19},"end":{"line":282,"column":73}},"142":{"start":{"line":284,"column":4},"end":{"line":288,"column":5}},"143":{"start":{"line":285,"column":6},"end":{"line":285,"column":35}},"144":{"start":{"line":286,"column":6},"end":{"line":286,"column":67}},"145":{"start":{"line":287,"column":6},"end":{"line":287,"column":13}},"146":{"start":{"line":290,"column":4},"end":{"line":293,"column":5}},"147":{"start":{"line":291,"column":6},"end":{"line":291,"column":35}},"148":{"start":{"line":292,"column":6},"end":{"line":292,"column":13}},"149":{"start":{"line":295,"column":29},"end":{"line":295,"column":65}},"150":{"start":{"line":296,"column":4},"end":{"line":302,"column":5}},"151":{"start":{"line":297,"column":6},"end":{"line":297,"column":35}},"152":{"start":{"line":298,"column":6},"end":{"line":300,"column":9}},"153":{"start":{"line":301,"column":6},"end":{"line":301,"column":13}},"154":{"start":{"line":304,"column":4},"end":{"line":304,"column":40}},"155":{"start":{"line":306,"column":27},"end":{"line":306,"column":106}},"156":{"start":{"line":307,"column":22},"end":{"line":309,"column":null}},"157":{"start":{"line":308,"column":18},"end":{"line":308,"column":63}},"158":{"start":{"line":311,"column":4},"end":{"line":311,"column":63}},"159":{"start":{"line":313,"column":4},"end":{"line":313,"column":31}},"160":{"start":{"line":315,"column":4},"end":{"line":315,"column":67}},"161":{"start":{"line":317,"column":4},"end":{"line":317,"column":33}},"162":{"start":{"line":318,"column":4},"end":{"line":318,"column":50}},"163":{"start":{"line":319,"column":4},"end":{"line":319,"column":72}},"164":{"start":{"line":268,"column":13},"end":{"line":268,"column":27}}},"fnMap":{"0":{"name":"(anonymous_1)","decl":{"start":{"line":8,"column":30},"end":{"line":8,"column":31}},"loc":{"start":{"line":8,"column":62},"end":{"line":15,"column":1}}},"1":{"name":"(anonymous_2)","decl":{"start":{"line":17,"column":30},"end":{"line":17,"column":31}},"loc":{"start":{"line":17,"column":87},"end":{"line":30,"column":1}}},"2":{"name":"(anonymous_3)","decl":{"start":{"line":33,"column":35},"end":{"line":33,"column":40}},"loc":{"start":{"line":33,"column":88},"end":{"line":75,"column":1}}},"3":{"name":"(anonymous_4)","decl":{"start":{"line":78,"column":31},"end":{"line":78,"column":36}},"loc":{"start":{"line":78,"column":84},"end":{"line":113,"column":1}}},"4":{"name":"(anonymous_5)","decl":{"start":{"line":116,"column":29},"end":{"line":116,"column":34}},"loc":{"start":{"line":116,"column":82},"end":{"line":202,"column":1}}},"5":{"name":"(anonymous_6)","decl":{"start":{"line":189,"column":6},"end":{"line":189,"column":7}},"loc":{"start":{"line":189,"column":18},"end":{"line":189,"column":63}}},"6":{"name":"(anonymous_7)","decl":{"start":{"line":205,"column":39},"end":{"line":205,"column":44}},"loc":{"start":{"line":205,"column":92},"end":{"line":265,"column":1}}},"7":{"name":"(anonymous_8)","decl":{"start":{"line":252,"column":6},"end":{"line":252,"column":7}},"loc":{"start":{"line":252,"column":18},"end":{"line":252,"column":63}}},"8":{"name":"(anonymous_9)","decl":{"start":{"line":268,"column":27},"end":{"line":268,"column":32}},"loc":{"start":{"line":268,"column":80},"end":{"line":321,"column":1}}},"9":{"name":"(anonymous_10)","decl":{"start":{"line":308,"column":6},"end":{"line":308,"column":7}},"loc":{"start":{"line":308,"column":18},"end":{"line":308,"column":63}}}},"branchMap":{"0":{"loc":{"start":{"line":9,"column":2},"end":{"line":12,"column":3}},"type":"if","locations":[{"start":{"line":9,"column":2},"end":{"line":12,"column":3}},{"start":{},"end":{}}]},"1":{"loc":{"start":{"line":20,"column":2},"end":{"line":22,"column":3}},"type":"if","locations":[{"start":{"line":20,"column":2},"end":{"line":22,"column":3}},{"start":{},"end":{}}]},"2":{"loc":{"start":{"line":24,"column":2},"end":{"line":27,"column":3}},"type":"if","locations":[{"start":{"line":24,"column":2},"end":{"line":27,"column":3}},{"start":{},"end":{}}]},"3":{"loc":{"start":{"line":24,"column":6},"end":{"line":24,"column":74}},"type":"binary-expr","locations":[{"start":{"line":24,"column":6},"end":{"line":24,"column":26}},{"start":{"line":24,"column":30},"end":{"line":24,"column":74}}]},"4":{"loc":{"start":{"line":37,"column":27},"end":{"line":37,"column":88}},"type":"binary-expr","locations":[{"start":{"line":37,"column":27},"end":{"line":37,"column":55}},{"start":{"line":37,"column":59},"end":{"line":37,"column":88}}]},"5":{"loc":{"start":{"line":41,"column":4},"end":{"line":44,"column":5}},"type":"if","locations":[{"start":{"line":41,"column":4},"end":{"line":44,"column":5}},{"start":{},"end":{}}]},"6":{"loc":{"start":{"line":46,"column":4},"end":{"line":48,"column":5}},"type":"if","locations":[{"start":{"line":46,"column":4},"end":{"line":48,"column":5}},{"start":{},"end":{}}]},"7":{"loc":{"start":{"line":62,"column":35},"end":{"line":68,"column":53}},"type":"cond-expr","locations":[{"start":{"line":63,"column":8},"end":{"line":67,"column":10}},{"start":{"line":68,"column":8},"end":{"line":68,"column":53}}]},"8":{"loc":{"start":{"line":70,"column":25},"end":{"line":70,"column":99}},"type":"cond-expr","locations":[{"start":{"line":70,"column":42},"end":{"line":70,"column":91}},{"start":{"line":70,"column":94},"end":{"line":70,"column":99}}]},"9":{"loc":{"start":{"line":92,"column":4},"end":{"line":95,"column":5}},"type":"if","locations":[{"start":{"line":92,"column":4},"end":{"line":95,"column":5}},{"start":{},"end":{}}]},"10":{"loc":{"start":{"line":99,"column":4},"end":{"line":102,"column":5}},"type":"if","locations":[{"start":{"line":99,"column":4},"end":{"line":102,"column":5}},{"start":{},"end":{}}]},"11":{"loc":{"start":{"line":104,"column":4},"end":{"line":106,"column":5}},"type":"if","locations":[{"start":{"line":104,"column":4},"end":{"line":106,"column":5}},{"start":{},"end":{}}]},"12":{"loc":{"start":{"line":123,"column":4},"end":{"line":127,"column":5}},"type":"if","locations":[{"start":{"line":123,"column":4},"end":{"line":127,"column":5}},{"start":{},"end":{}}]},"13":{"loc":{"start":{"line":123,"column":8},"end":{"line":123,"column":53}},"type":"binary-expr","locations":[{"start":{"line":123,"column":8},"end":{"line":123,"column":19}},{"start":{"line":123,"column":23},"end":{"line":123,"column":34}},{"start":{"line":123,"column":38},"end":{"line":123,"column":53}}]},"14":{"loc":{"start":{"line":131,"column":4},"end":{"line":135,"column":5}},"type":"if","locations":[{"start":{"line":131,"column":4},"end":{"line":135,"column":5}},{"start":{},"end":{}}]},"15":{"loc":{"start":{"line":137,"column":4},"end":{"line":140,"column":5}},"type":"if","locations":[{"start":{"line":137,"column":4},"end":{"line":140,"column":5}},{"start":{},"end":{}}]},"16":{"loc":{"start":{"line":143,"column":4},"end":{"line":149,"column":5}},"type":"if","locations":[{"start":{"line":143,"column":4},"end":{"line":149,"column":5}},{"start":{},"end":{}}]},"17":{"loc":{"start":{"line":143,"column":34},"end":{"line":143,"column":53}},"type":"binary-expr","locations":[{"start":{"line":143,"column":34},"end":{"line":143,"column":47}},{"start":{"line":143,"column":51},"end":{"line":143,"column":53}}]},"18":{"loc":{"start":{"line":156,"column":4},"end":{"line":160,"column":5}},"type":"if","locations":[{"start":{"line":156,"column":4},"end":{"line":160,"column":5}},{"start":{},"end":{}}]},"19":{"loc":{"start":{"line":169,"column":4},"end":{"line":185,"column":5}},"type":"if","locations":[{"start":{"line":169,"column":4},"end":{"line":185,"column":5}},{"start":{"line":175,"column":11},"end":{"line":185,"column":5}}]},"20":{"loc":{"start":{"line":212,"column":4},"end":{"line":216,"column":5}},"type":"if","locations":[{"start":{"line":212,"column":4},"end":{"line":216,"column":5}},{"start":{},"end":{}}]},"21":{"loc":{"start":{"line":212,"column":8},"end":{"line":212,"column":45}},"type":"binary-expr","locations":[{"start":{"line":212,"column":8},"end":{"line":212,"column":19}},{"start":{"line":212,"column":23},"end":{"line":212,"column":45}}]},"22":{"loc":{"start":{"line":220,"column":4},"end":{"line":224,"column":5}},"type":"if","locations":[{"start":{"line":220,"column":4},"end":{"line":224,"column":5}},{"start":{},"end":{}}]},"23":{"loc":{"start":{"line":228,"column":4},"end":{"line":232,"column":5}},"type":"if","locations":[{"start":{"line":228,"column":4},"end":{"line":232,"column":5}},{"start":{},"end":{}}]},"24":{"loc":{"start":{"line":234,"column":4},"end":{"line":237,"column":5}},"type":"if","locations":[{"start":{"line":234,"column":4},"end":{"line":237,"column":5}},{"start":{},"end":{}}]},"25":{"loc":{"start":{"line":240,"column":4},"end":{"line":246,"column":5}},"type":"if","locations":[{"start":{"line":240,"column":4},"end":{"line":246,"column":5}},{"start":{},"end":{}}]},"26":{"loc":{"start":{"line":240,"column":34},"end":{"line":240,"column":53}},"type":"binary-expr","locations":[{"start":{"line":240,"column":34},"end":{"line":240,"column":47}},{"start":{"line":240,"column":51},"end":{"line":240,"column":53}}]},"27":{"loc":{"start":{"line":276,"column":4},"end":{"line":280,"column":5}},"type":"if","locations":[{"start":{"line":276,"column":4},"end":{"line":280,"column":5}},{"start":{},"end":{}}]},"28":{"loc":{"start":{"line":284,"column":4},"end":{"line":288,"column":5}},"type":"if","locations":[{"start":{"line":284,"column":4},"end":{"line":288,"column":5}},{"start":{},"end":{}}]},"29":{"loc":{"start":{"line":290,"column":4},"end":{"line":293,"column":5}},"type":"if","locations":[{"start":{"line":290,"column":4},"end":{"line":293,"column":5}},{"start":{},"end":{}}]},"30":{"loc":{"start":{"line":296,"column":4},"end":{"line":302,"column":5}},"type":"if","locations":[{"start":{"line":296,"column":4},"end":{"line":302,"column":5}},{"start":{},"end":{}}]},"31":{"loc":{"start":{"line":296,"column":34},"end":{"line":296,"column":53}},"type":"binary-expr","locations":[{"start":{"line":296,"column":34},"end":{"line":296,"column":47}},{"start":{"line":296,"column":51},"end":{"line":296,"column":53}}]}},"s":{"0":1,"1":1,"2":1,"3":1,"4":1,"5":1,"6":6,"7":0,"8":0,"9":6,"10":1,"11":6,"12":6,"13":0,"14":6,"15":1,"16":1,"17":5,"18":1,"19":2,"20":2,"21":2,"22":2,"23":2,"24":2,"25":0,"26":0,"27":2,"28":1,"29":1,"30":1,"31":1,"32":0,"33":0,"34":1,"35":1,"36":1,"37":1,"38":1,"39":1,"40":0,"41":0,"42":1,"43":1,"44":0,"45":0,"46":1,"47":0,"48":1,"49":0,"50":0,"51":1,"52":1,"53":1,"54":1,"55":1,"56":1,"57":1,"58":0,"59":0,"60":0,"61":1,"62":1,"63":0,"64":0,"65":0,"66":1,"67":0,"68":0,"69":1,"70":1,"71":0,"72":0,"73":0,"74":1,"75":1,"76":0,"77":0,"78":0,"79":1,"80":1,"81":0,"82":0,"83":1,"84":1,"85":1,"86":1,"87":1,"88":1,"89":1,"90":0,"91":0,"92":0,"93":1,"94":1,"95":1,"96":1,"97":1,"98":1,"99":1,"100":0,"101":0,"102":0,"103":1,"104":1,"105":0,"106":0,"107":0,"108":1,"109":1,"110":0,"111":0,"112":0,"113":1,"114":0,"115":0,"116":1,"117":1,"118":0,"119":0,"120":0,"121":1,"122":1,"123":1,"124":1,"125":1,"126":1,"127":1,"128":0,"129":0,"130":0,"131":1,"132":1,"133":1,"134":1,"135":1,"136":1,"137":1,"138":0,"139":0,"140":0,"141":1,"142":1,"143":0,"144":0,"145":0,"146":1,"147":0,"148":0,"149":1,"150":1,"151":0,"152":0,"153":0,"154":1,"155":1,"156":1,"157":0,"158":1,"159":1,"160":1,"161":0,"162":0,"163":0,"164":1},"f":{"0":6,"1":6,"2":2,"3":1,"4":1,"5":1,"6":1,"7":1,"8":1,"9":0},"b":{"0":[0,6],"1":[0,6],"2":[1,5],"3":[6,6],"4":[2,1],"5":[0,2],"6":[1,1],"7":[1,0],"8":[1,0],"9":[0,1],"10":[0,1],"11":[0,1],"12":[0,1],"13":[1,1,1],"14":[0,1],"15":[0,1],"16":[0,1],"17":[1,0],"18":[0,1],"19":[0,1],"20":[0,1],"21":[1,1],"22":[0,1],"23":[0,1],"24":[0,1],"25":[0,1],"26":[1,0],"27":[0,1],"28":[0,1],"29":[0,1],"30":[0,1],"31":[1,0]}}
,"C:\\Users\\HOFFMAN\\OneDrive\\Documents\\GitHub\\TechAcademy5back\\src\\controllers\\pedido.controller.ts": {"path":"C:\\Users\\HOFFMAN\\OneDrive\\Documents\\GitHub\\TechAcademy5back\\src\\controllers\\pedido.controller.ts","statementMap":{"0":{"start":{"line":2,"column":0},"end":{"line":2,"column":38}},"1":{"start":{"line":3,"column":0},"end":{"line":3,"column":46}},"2":{"start":{"line":4,"column":0},"end":{"line":4,"column":40}},"3":{"start":{"line":5,"column":0},"end":{"line":5,"column":40}},"4":{"start":{"line":6,"column":0},"end":{"line":6,"column":42}},"5":{"start":{"line":7,"column":0},"end":{"line":7,"column":82}},"6":{"start":{"line":8,"column":0},"end":{"line":8,"column":76}},"7":{"start":{"line":10,"column":30},"end":{"line":17,"column":1}},"8":{"start":{"line":11,"column":2},"end":{"line":14,"column":3}},"9":{"start":{"line":12,"column":4},"end":{"line":12,"column":67}},"10":{"start":{"line":13,"column":4},"end":{"line":13,"column":16}},"11":{"start":{"line":16,"column":2},"end":{"line":16,"column":21}},"12":{"start":{"line":20,"column":29},"end":{"line":66,"column":1}},"13":{"start":{"line":21,"column":2},"end":{"line":65,"column":3}},"14":{"start":{"line":22,"column":36},"end":{"line":22,"column":60}},"15":{"start":{"line":23,"column":27},"end":{"line":23,"column":88}},"16":{"start":{"line":24,"column":24},"end":{"line":49,"column":6}},"17":{"start":{"line":51,"column":37},"end":{"line":57,"column":49}},"18":{"start":{"line":59,"column":4},"end":{"line":61,"column":92}},"19":{"start":{"line":63,"column":4},"end":{"line":63,"column":52}},"20":{"start":{"line":64,"column":4},"end":{"line":64,"column":74}},"21":{"start":{"line":20,"column":13},"end":{"line":20,"column":29}},"22":{"start":{"line":69,"column":39},"end":{"line":115,"column":1}},"23":{"start":{"line":73,"column":2},"end":{"line":114,"column":3}},"24":{"start":{"line":74,"column":23},"end":{"line":74,"column":52}},"25":{"start":{"line":75,"column":36},"end":{"line":75,"column":60}},"26":{"start":{"line":76,"column":27},"end":{"line":76,"column":88}},"27":{"start":{"line":77,"column":24},"end":{"line":98,"column":6}},"28":{"start":{"line":100,"column":37},"end":{"line":106,"column":49}},"29":{"start":{"line":108,"column":4},"end":{"line":110,"column":92}},"30":{"start":{"line":112,"column":4},"end":{"line":112,"column":63}},"31":{"start":{"line":113,"column":4},"end":{"line":113,"column":85}},"32":{"start":{"line":69,"column":13},"end":{"line":69,"column":39}},"33":{"start":{"line":118,"column":33},"end":{"line":167,"column":1}},"34":{"start":{"line":119,"column":2},"end":{"line":166,"column":3}},"35":{"start":{"line":120,"column":22},"end":{"line":120,"column":43}},"36":{"start":{"line":121,"column":26},"end":{"line":121,"column":57}},"37":{"start":{"line":123,"column":4},"end":{"line":125,"column":5}},"38":{"start":{"line":124,"column":6},"end":{"line":124,"column":13}},"39":{"start":{"line":127,"column":19},"end":{"line":150,"column":6}},"40":{"start":{"line":152,"column":4},"end":{"line":155,"column":5}},"41":{"start":{"line":153,"column":6},"end":{"line":153,"column":67}},"42":{"start":{"line":154,"column":6},"end":{"line":154,"column":13}},"43":{"start":{"line":157,"column":4},"end":{"line":160,"column":5}},"44":{"start":{"line":158,"column":6},"end":{"line":158,"column":93}},"45":{"start":{"line":159,"column":6},"end":{"line":159,"column":13}},"46":{"start":{"line":162,"column":4},"end":{"line":162,"column":33}},"47":{"start":{"line":164,"column":4},"end":{"line":164,"column":51}},"48":{"start":{"line":165,"column":4},"end":{"line":165,"column":73}},"49":{"start":{"line":118,"column":13},"end":{"line":118,"column":33}},"50":{"start":{"line":170,"column":27},"end":{"line":204,"column":1}},"51":{"start":{"line":171,"column":2},"end":{"line":203,"column":3}},"52":{"start":{"line":172,"column":31},"end":{"line":172,"column":42}},"53":{"start":{"line":173,"column":20},"end":{"line":173,"column":54}},"54":{"start":{"line":175,"column":6},"end":{"line":177,"column":48}},"55":{"start":{"line":179,"column":4},"end":{"line":182,"column":5}},"56":{"start":{"line":180,"column":6},"end":{"line":180,"column":69}},"57":{"start":{"line":181,"column":6},"end":{"line":181,"column":13}},"58":{"start":{"line":184,"column":25},"end":{"line":191,"column":null}},"59":{"start":{"line":194,"column":4},"end":{"line":194,"column":91}},"60":{"start":{"line":196,"column":4},"end":{"line":199,"column":5}},"61":{"start":{"line":197,"column":6},"end":{"line":197,"column":69}},"62":{"start":{"line":198,"column":6},"end":{"line":198,"column":13}},"63":{"start":{"line":201,"column":4},"end":{"line":201,"column":50}},"64":{"start":{"line":202,"column":4},"end":{"line":202,"column":72}},"65":{"start":{"line":170,"column":13},"end":{"line":170,"column":27}},"66":{"start":{"line":212,"column":37},"end":{"line":264,"column":1}},"67":{"start":{"line":213,"column":2},"end":{"line":263,"column":3}},"68":{"start":{"line":214,"column":26},"end":{"line":214,"column":57}},"69":{"start":{"line":216,"column":4},"end":{"line":218,"column":5}},"70":{"start":{"line":217,"column":6},"end":{"line":217,"column":13}},"71":{"start":{"line":220,"column":4},"end":{"line":223,"column":5}},"72":{"start":{"line":221,"column":6},"end":{"line":221,"column":79}},"73":{"start":{"line":222,"column":6},"end":{"line":222,"column":13}},"74":{"start":{"line":225,"column":22},"end":{"line":225,"column":43}},"75":{"start":{"line":226,"column":39},"end":{"line":226,"column":47}},"76":{"start":{"line":228,"column":26},"end":{"line":235,"column":6}},"77":{"start":{"line":237,"column":4},"end":{"line":242,"column":5}},"78":{"start":{"line":238,"column":6},"end":{"line":240,"column":9}},"79":{"start":{"line":241,"column":6},"end":{"line":241,"column":13}},"80":{"start":{"line":244,"column":19},"end":{"line":244,"column":51}},"81":{"start":{"line":246,"column":4},"end":{"line":249,"column":5}},"82":{"start":{"line":247,"column":6},"end":{"line":247,"column":67}},"83":{"start":{"line":248,"column":6},"end":{"line":248,"column":13}},"84":{"start":{"line":251,"column":47},"end":{"line":251,"column":57}},"85":{"start":{"line":253,"column":4},"end":{"line":255,"column":5}},"86":{"start":{"line":254,"column":6},"end":{"line":254,"column":95}},"87":{"start":{"line
[...]
"line":60,"column":6},"end":{"line":60,"column":75}},"32":{"start":{"line":61,"column":6},"end":{"line":61,"column":13}},"33":{"start":{"line":64,"column":24},"end":{"line":73,"column":6}},"34":{"start":{"line":75,"column":4},"end":{"line":78,"column":7}},"35":{"start":{"line":80,"column":4},"end":{"line":80,"column":51}},"36":{"start":{"line":81,"column":4},"end":{"line":81,"column":73}},"37":{"start":{"line":55,"column":13},"end":{"line":55,"column":28}},"38":{"start":{"line":85,"column":32},"end":{"line":128,"column":1}},"39":{"start":{"line":86,"column":2},"end":{"line":127,"column":3}},"40":{"start":{"line":87,"column":15},"end":{"line":87,"column":36}},"41":{"start":{"line":89,"column":20},"end":{"line":91,"column":6}},"42":{"start":{"line":93,"column":4},"end":{"line":96,"column":5}},"43":{"start":{"line":94,"column":6},"end":{"line":94,"column":68}},"44":{"start":{"line":95,"column":6},"end":{"line":95,"column":13}},"45":{"start":{"line":98,"column":80},"end":{"line":98,"column":88}},"46":{"start":{"line":108,"column":9},"end":{"line":108,"column":11}},"47":{"start":{"line":110,"column":4},"end":{"line":110,"column":43}},"48":{"start":{"line":110,"column":14},"end":{"line":110,"column":43}},"49":{"start":{"line":111,"column":4},"end":{"line":111,"column":72}},"50":{"start":{"line":111,"column":33},"end":{"line":111,"column":72}},"51":{"start":{"line":112,"column":4},"end":{"line":112,"column":60}},"52":{"start":{"line":112,"column":29},"end":{"line":112,"column":60}},"53":{"start":{"line":113,"column":4},"end":{"line":113,"column":81}},"54":{"start":{"line":113,"column":36},"end":{"line":113,"column":81}},"55":{"start":{"line":114,"column":4},"end":{"line":114,"column":63}},"56":{"start":{"line":114,"column":30},"end":{"line":114,"column":63}},"57":{"start":{"line":115,"column":4},"end":{"line":115,"column":69}},"58":{"start":{"line":115,"column":32},"end":{"line":115,"column":69}},"59":{"start":{"line":116,"column":4},"end":{"line":116,"column":66}},"60":{"start":{"line":116,"column":31},"end":{"line":116,"column":66}},"61":{"start":{"line":118,"column":4},"end":{"line":118,"column":43}},"62":{"start":{"line":120,"column":4},"end":{"line":123,"column":7}},"63":{"start":{"line":125,"column":4},"end":{"line":125,"column":55}},"64":{"start":{"line":126,"column":4},"end":{"line":126,"column":77}},"65":{"start":{"line":85,"column":13},"end":{"line":85,"column":32}},"66":{"start":{"line":130,"column":32},"end":{"line":156,"column":1}},"67":{"start":{"line":131,"column":2},"end":{"line":155,"column":3}},"68":{"start":{"line":132,"column":15},"end":{"line":132,"column":36}},"69":{"start":{"line":134,"column":20},"end":{"line":136,"column":6}},"70":{"start":{"line":138,"column":4},"end":{"line":143,"column":5}},"71":{"start":{"line":139,"column":6},"end":{"line":141,"column":9}},"72":{"start":{"line":142,"column":6},"end":{"line":142,"column":13}},"73":{"start":{"line":145,"column":4},"end":{"line":145,"column":43}},"74":{"start":{"line":147,"column":4},"end":{"line":149,"column":7}},"75":{"start":{"line":151,"column":4},"end":{"line":151,"column":55}},"76":{"start":{"line":152,"column":4},"end":{"line":154,"column":7}},"77":{"start":{"line":130,"column":13},"end":{"line":130,"column":32}},"78":{"start":{"line":158,"column":37},"end":{"line":195,"column":1}},"79":{"start":{"line":159,"column":2},"end":{"line":194,"column":3}},"80":{"start":{"line":160,"column":17},"end":{"line":160,"column":41}},"81":{"start":{"line":161,"column":36},"end":{"line":161,"column":60}},"82":{"start":{"line":162,"column":27},"end":{"line":162,"column":88}},"83":{"start":{"line":164,"column":4},"end":{"line":167,"column":5}},"84":{"start":{"line":165,"column":6},"end":{"line":165,"column":73}},"85":{"start":{"line":166,"column":6},"end":{"line":166,"column":13}},"86":{"start":{"line":176,"column":8},"end":{"line":181,"column":6}},"87":{"start":{"line":183,"column":4},"end":{"line":186,"column":5}},"88":{"start":{"line":184,"column":6},"end":{"line":184,"column":33}},"89":{"start":{"line":185,"column":6},"end":{"line":185,"column":35}},"90":{"start":{"line":188,"column":38},"end":{"line":188,"column":81}},"91":{"start":{"line":190,"column":4},"end":{"line":190,"column":107}},"92":{"start":{"line":192,"column":4},"end":{"line":192,"column":53}},"93":{"start":{"line":193,"column":4},"end":{"line":193,"column":75}},"94":{"start":{"line":158,"column":13},"end":{"line":158,"column":37}},"95":{"start":{"line":197,"column":38},"end":{"line":224,"column":1}},"96":{"start":{"line":198,"column":2},"end":{"line":223,"column":3}},"97":{"start":{"line":199,"column":36},"end":{"line":199,"column":60}},"98":{"start":{"line":200,"column":27},"end":{"line":200,"column":88}},"99":{"start":{"line":206,"column":8},"end":{"line":208,"column":6}},"100":{"start":{"line":210,"column":4},"end":{"line":213,"column":5}},"101":{"start":{"line":211,"column":6},"end":{"line":211,"column":33}},"102":{"start":{"line":212,"column":6},"end":{"line":212,"column":35}},"103":{"start":{"line":215,"column":38},"end":{"line":215,"column":81}},"104":{"start":{"line":217,"column":4},"end":{"line":217,"column":107}},"105":{"start":{"line":219,"column":4},"end":{"line":219,"column":62}},"106":{"start":{"line":220,"column":4},"end":{"line":222,"column":7}},"107":{"start":{"line":197,"column":13},"end":{"line":197,"column":38}}},"fnMap":{"0":{"name":"(anonymous_1)","decl":{"start":{"line":6,"column":30},"end":{"line":6,"column":35}},"loc":{"start":{"line":6,"column":83},"end":{"line":33,"column":1}}},"1":{"name":"(anonymous_2)","decl":{"start":{"line":35,"column":34},"end":{"line":35,"column":39}},"loc":{"start":{"line":35,"column":87},"end":{"line":53,"column":1}}},"2":{"name":"(anonymous_3)","decl":{"start":{"line":55,"column":28},"end":{"line":55,"column":33}},"loc":{"start":{"line":55,"column":81},"end":{"line":83,"column":1}}},"3":{"name":"(anonymous_4)","decl":{"start":{"line":85,"column":32},"end":{"line":85,"column":37}},"loc":{"start":{"line":85,"column":85},"end":{"line":128,"column":1}}},"4":{"name":"(anonymous_5)","decl":{"start":{"line":130,"column":32},"end":{"line":130,"column":37}},"loc":{"start":{"line":130,"column":85},"end":{"line":156,"column":1}}},"5":{"name":"(anonymous_6)","decl":{"start":{"line":158,"column":37},"end":{"line":158,"column":42}},"loc":{"start":{"line":158,"column":90},"end":{"line":195,"column":1}}},"6":{"name":"(anonymous_7)","decl":{"start":{"line":197,"column":38},"end":{"line":197,"column":43}},"loc":{"start":{"line":197,"column":91},"end":{"line":224,"column":1}}}},"branchMap":{"0":{"loc":{"start":{"line":9,"column":27},"end":{"line":9,"column":88}},"type":"binary-expr","locations":[{"start":{"line":9,"column":27},"end":{"line":9,"column":55}},{"start":{"line":9,"column":59},"end":{"line":9,"column":88}}]},"1":{"loc":{"start":{"line":21,"column":4},"end":{"line":24,"column":5}},"type":"if","locations":[{"start":{"line":21,"column":4},"end":{"line":24,"column":5}},{"start":{},"end":{}}]},"2":{"loc":{"start":{"line":28,"column":25},"end":{"line":28,"column":105}},"type":"cond-expr","locations":[{"start":{"line":28,"column":42},"end":{"line":28,"column":94}},{"start":{"line":28,"column":97},"end":{"line":28,"column":105}}]},"3":{"loc":{"start":{"line":43,"column":4},"end":{"line":46,"column":5}},"type":"if","locations":[{"start":{"line":43,"column":4},"end":{"line":46,"column":5}},{"start":{},"end":{}}]},"4":{"loc":{"start":{"line":59,"column":4},"end":{"line":62,"column":5}},"type":"if","locations":[{"start":{"line":59,"column":4},"end":{"line":62,"column":5}},{"start":{},"end":{}}]},"5":{"loc":{"start":{"line":59,"column":8},"end":{"line":59,"column":23}},"type":"binary-expr","locations":[{"start":{"line":59,"column":8},"end":{"line":59,"column":13}},{"start":{"line":59,"column":17},"end":{"line":59,"column":23}}]},"6":{"loc":{"start":{"line":66,"column":17},"end":{"line":66,"column":34}},"type":"binary-expr","locations":[{"start":{"line":66,"column":17},"end":{"line":66,"column":26}},{"start":{"line":66,"column":30},"end":{"line":66,"column":34}}]},"7":{"loc":{"start":{"line":68,"column":20},"end":{"line":68,"column":40}},"type":"binary-expr","locations":[{"start":{"line":68,"column":20},"end":{"line":68,"column":32}},{"start":{"line":68,"column":36},"end":{"line":68,"column":40}}]},"8":{"loc":{"start":{"line":69,"column":14},"end":{"line":69,"column":28}},"type":"binary-expr","locations":[{"start":{"line":69,"column":14},"end":{"line":69,"column":20}},{"start":{"line":69,"column":24},"end":{"line":69,"column":28}}]},"9":{"loc":{"start":{"line":70,"column":16},"end":{"line":70,"column":33}},"type":"binary-expr","locations":[{"start":{"line":70,"column":16},"end":{"line":70,"column":24}},{"start":{"line":70,"column":28},"end":{"line":70,"column":33}}]},"10":{"loc":{"start":{"line":71,"column":15},"end":{"line":71,"column":27}},"type":"binary-expr","locations":[{"start":{"line":71,"column":15},"end":{"line":71,"column":22}},{"start":{"line":71,"column":26},"end":{"line":71,"column":27}}]},"11":{"loc":{"start":{"line":93,"column":4},"end":{"line":96,"column":5}},"type":"if","locations":[{"start":{"line":93,"column":4},"end":{"line":96,"column":5}},{"start":{},"end":{}}]},"12":{"loc":{"start":{"line":110,"column":4},"end":{"line":110,"column":43}},"type":"if","locations":[{"start":{"line":110,"column":4},"end":{"line":110,"column":43}},{"start":{},"end":{}}]},"13":{"loc":{"start":{"line":111,"column":4},"end":{"line":111,"column":72}},"type":"if","locations":[{"start":{"line":111,"column":4},"end":{"line":111,"column":72}},{"start":{},"end":{}}]},"14":{"loc":{"start":{"line":112,"column":4},"end":{"line":112,"column":60}},"type":"if","locations":[{"start":{"line":112,"column":4},"end":{"line":112,"column":60}},{"start":{},"end":{}}]},"15":{"loc":{"start":{"line":113,"column":4},"end":{"line":113,"column":81}},"type":"if","locations":[{"start":{"line":113,"column":4},"end":{"line":113,"column":81}},{"start":{},"end":{}}]},"16":{"loc":{"start":{"line":114,"column":4},"end":{"line":114,"column":63}},"type":"if","locations":[{"start":{"line":114,"column":4},"end":{"line":114,"column":63}},{"start":{},"end":{}}]},"17":{"loc":{"start":{"line":115,"column":4},"end":{"line":115,"column":69}},"type":"if","locations":[{"start":{"line":115,"column":4},"end":{"line":115,"column":69}},{"start":{},"end":{}}]},"18":{"loc":{"start":{"line":116,"column":4},"end":{"line":116,"column":66}},"type":"if","locations":[{"start":{"line":116,"column":4},"end":{"line":116,"column":66}},{"start":{},"end":{}}]},"19":{"loc":{"start":{"line":138,"column":4},"end":{"line":143,"column":5}},"type":"if","locations":[{"start":{"line":138,"column":4},"end":{"line":143,"column":5}},{"start":{},"end":{}}]},"20":{"loc":{"start":{"line":162,"column":27},"end":{"line":162,"column":88}},"type":"binary-expr","locations":[{"start":{"line":162,"column":27},"end":{"line":162,"column":55}},{"start":{"line":162,"column":59},"end":{"line":162,"column":88}}]},"21":{"loc":{"start":{"line":164,"column":4},"end":{"line":167,"column":5}},"type":"if","locations":[{"start":{"line":164,"column":4},"end":{"line":167,"column":5}},{"start":{},"end":{}}]},"22":{"loc":{"start":{"line":183,"column":4},"end":{"line":186,"column":5}},"type":"if","locations":[{"start":{"line":183,"column":4},"end":{"line":186,"column":5}},{"start":{},"end":{}}]},"23":{"loc":{"start":{"line":190,"column":25},"end":{"line":190,"column":105}},"type":"cond-expr","locations":[{"start":{"line":190,"column":42},"end":{"line":190,"column":94}},{"start":{"line":190,"column":97},"end":{"line":190,"column":105}}]},"24":{"loc":{"start":{"line":200,"column":27},"end":{"line":200,"column":88}},"type":"binary-expr","locations":[{"start":{"line":200,"column":27},"end":{"line":200,"column":55}},{"start":{"line":200,"column":59},"end":{"line":200,"column":88}}]},"25":{"loc":{"start":{"line":210,"column":4},"end":{"line":213,"column":5}},"type":"if","locations":[{"start":{"line":210,"column":4},"end":{"line":213,"column":5}},{"start":{},"end":{}}]},"26":{"loc":{"start":{"line":217,"column":25},"end":{"line":217,"column":105}},"type":"cond-expr","locations":[{"start":{"line":217,"column":42},"end":{"line":217,"column":94}},{"start":{"line":217,"column":97},"end":{"line":217,"column":105}}]}},"s":{"0":1,"1":1,"2":1,"3":1,"4":2,"5":2,"6":2,"7":2,"8":2,"9":0,"10":0,"11":2,"12":1,"13":1,"14":1,"15":1,"16":1,"17":2,"18":2,"19":2,"20":2,"21":1,"22":1,"23":1,"24":0,"25":0,"26":1,"27":1,"28":2,"29":2,"30":2,"31":1,"32":1,"33":1,"34":1,"35":0,"36":0,"37":1,"38":1,"39":1,"40":1,"41":1,"42":1,"43":0,"44":0,"45":1,"46":1,"47":1,"48":1,"49":1,"50":0,"51":1,"52":0,"53":1,"54":0,"55":1,"56":0,"57":1,"58":0,"59":1,"60":0,"61":1,"62":1,"63":0,"64":0,"65":1,"66":1,"67":1,"68":1,"69":1,"70":1,"71":0,"72":0,"73":1,"74":1,"75":0,"76":0,"77":1,"78":1,"79":1,"80":1,"81":1,"82":1,"83":1,"84":0,"85":0,"86":1,"87":1,"88":0,"89":0,"90":1,"91":1,"92":0,"93":0,"94":1,"95":1,"96":0,"97":0,"98":0,"99":0,"100":0,"101":0,"102":0,"103":0,"104":0,"105":0,"106":0,"107":1},"f":{"0":2,"1":2,"2":2,"3":1,"4":1,"5":1,"6":0},"b":{"0":[2,2],"1":[0,2],"2":[0,1],"3":[1,1],"4":[1,1],"5":[2,2],"6":[1,1],"7":[1,1],"8":[1,1],"9":[1,1],"10":[1,1],"11":[0,1],"12":[1,0],"13":[0,1],"14":[0,1],"15":[0,1],"16":[0,1],"17":[0,1],"18":[0,1],"19":[0,1],"20":[1,1],"21":[0,1],"22":[0,1],"23":[0,1],"24":[0,0],"25":[0,0],"26":[0,0]}}
,"C:\\Users\\HOFFMAN\\OneDrive\\Documents\\GitHub\\TechAcademy5back\\src\\models\\Categoria.ts": {"path":"C:\\Users\\HOFFMAN\\OneDrive\\Documents\\GitHub\\TechAcademy5back\\src\\models\\Categoria.ts","statementMap":{"0":{"start":{"line":1,"column":0},"end":{"line":1,"column":55}},"1":{"start":{"line":2,"column":0},"end":{"line":2,"column":43}},"2":{"start":{"line":24,"column":0},"end":{"line":49,"column":2}},"3":{"start":{"line":51,"column":0},"end":{"line":51,"column":25}}},"fnMap":{},"branchMap":{},"s":{"0":2,"1":2,"2":2,"3":2},"f":{},"b":{}}
,"C:\\Users\\HOFFMAN\\OneDrive\\Documents\\GitHub\\TechAcademy5back\\src\\models\\Cliente.ts": {"path":"C:\\Users\\HOFFMAN\\OneDrive\\Documents\\GitHub\\TechAcademy5back\\src\\models\\Cliente.ts","statementMap":{"0":{"start":{"line":1,"column":0},"end":{"line":1,"column":55}},"1":{"start":{"line":2,"column":0},"end":{"line":2,"column":43}},"2":{"start":{"line":35,"column":0},"end":{"line":84,"column":2}},"3":{"start":{"line":86,"column":0},"end":{"line":86,"column":23}}},"fnMap":{},"branchMap":{},"s":{"0":1,"1":1,"2":1,"3":1},"f":{},"b":{}}
,"C:\\Users\\HOFFMAN\\OneDrive\\Documents\\GitHub\\TechAcademy5back\\src\\models\\Produto.ts": {"path":"C:\\Users\\HOFFMAN\\OneDrive\\Documents\\GitHub\\TechAcademy5back\\src\\models\\Produto.ts","statementMap":{"0":{"start":{"line":1,"column":0},"end":{"line":1,"column":55}},"1":{"start":{"line":2,"column":0},"end":{"line":2,"column":43}},"2":{"start":{"line":3,"column":0},"end":{"line":3,"column":36}},"3":{"start":{"line":35,"column":0},"end":{"line":88,"column":2}},"4":{"start":{"line":91,"column":0},"end":{"line":94,"column":3}},"5":{"start":{"line":96,"column":0},"end":{"line":96,"column":23}}},"fnMap":{},"branchMap":{},"s":{"0":1,"1":1,"2":1,"3":1,"4":1,"5":1},"f":{},"b":{}}
,"C:\\Users\\HOFFMAN\\OneDrive\\Documents\\GitHub\\TechAcademy5back\\src\\utils\\cliente.validation.ts": {"path":"C:\\Users\\HOFFMAN\\OneDrive\\Documents\\GitHub\\TechAcademy5back\\src\\utils\\cliente.validation.ts","statementMap":{"0":{"start":{"line":1,"column":20},"end":{"line":1,"column":48}},"1":{"start":{"line":2,"column":18},"end":{"line":2,"column":28}},"2":{"start":{"line":3,"column":26},"end":{"line":3,"column":65}},"3":{"start":{"line":5,"column":27},"end":{"line":5,"column":74}},"4":{"start":{"line":5,"column":52},"end":{"line":5,"column":74}},"5":{"start":{"line":5,"column":13},"end":{"line":5,"column":27}},"6":{"start":{"line":7,"column":28},"end":{"line":7,"column":79}},"7":{"start":{"line":7,"column":56},"end":{"line":7,"column":79}},"8":{"start":{"line":7,"column":13},"end":{"line":7,"column":28}},"9":{"start":{"line":9,"column":26},"end":{"line":9,"column":84}},"10":{"start":{"line":9,"column":52},"end":{"line":9,"column":84}},"11":{"start":{"line":9,"column":13},"end":{"line":9,"column":26}},"12":{"start":{"line":11,"column":32},"end":{"line":11,"column":89}},"13":{"start":{"line":11,"column":60},"end":{"line":11,"column":89}},"14":{"start":{"line":11,"column":13},"end":{"line":11,"column":32}}},"fnMap":{"0":{"name":"(anonymous_0)","decl":{"start":{"line":5,"column":27},"end":{"line":5,"column":28}},"loc":{"start":{"line":5,"column":52},"end":{"line":5,"column":74}}},"1":{"name":"(anonymous_1)","decl":{"start":{"line":7,"column":28},"end":{"line":7,"column":29}},"loc":{"start":{"line":7,"column":56},"end":{"line":7,"column":79}}},"2":{"name":"(anonymous_2)","decl":{"start":{"line":9,"column":26},"end":{"line":9,"column":27}},"loc":{"start":{"line":9,"column":52},"end":{"line":9,"column":84}}},"3":{"name":"(anonymous_3)","decl":{"start":{"line":11,"column":32},"end":{"line":11,"column":33}},"loc":{"start":{"line":11,"column":60},"end":{"line":11,"column":89}}}},"branchMap":{},"s":{"0":1,"1":1,"2":1,"3":1,"4":2,"5":1,"6":1,"7":2,"8":1,"9":1,"10":1,"11":1,"12":1,"13":1,"14":1},"f":{"0":2,"1":2,"2":1,"3":1},"b":{}}
,"C:\\Users\\HOFFMAN\\OneDrive\\Documents\\GitHub\\TechAcademy5back\\src\\utils\\pagination.ts": {"path":"C:\\Users\\HOFFMAN\\OneDrive\\Documents\\GitHub\\TechAcademy5back\\src\\utils\\pagination.ts","statementMap":{"0":{"start":{"line":3,"column":21},"end":{"line":3,"column":22}},"1":{"start":{"line":4,"column":22},"end":{"line":4,"column":24}},"2":{"start":{"line":5,"column":18},"end":{"line":5,"column":21}},"3":{"start":{"line":23,"column":25},"end":{"line":31,"column":1}},"4":{"start":{"line":24,"column":17},"end":{"line":24,"column":30}},"5":{"start":{"line":26,"column":2},"end":{"line":28,"column":3}},"6":{"start":{"line":27,"column":4},"end":{"line":27,"column":20}},"7":{"start":{"line":30,"column":2},"end":{"line":30,"column":16}},"8":{"start":{"line":33,"column":35},"end":{"line":43,"column":1}},"9":{"start":{"line":34,"column":15},"end":{"line":34,"column":61}},"10":{"start":{"line":35,"column":25},"end":{"line":35,"column":73}},"11":{"start":{"line":36,"column":16},"end":{"line":36,"column":51}},"12":{"start":{"line":38,"column":2},"end":{"line":42,"column":4}},"13":{"start":{"line":33,"column":13},"end":{"line":33,"column":35}},"14":{"start":{"line":45,"column":38},"end":{"line":58,"column":2}},"15":{"start":{"line":50,"column":28},"end":{"line":58,"column":2}},"16":{"start":{"line":45,"column":13},"end":{"line":45,"column":38}}},"fnMap":{"0":{"name":"(anonymous_0)","decl":{"start":{"line":23,"column":25},"end":{"line":23,"column":26}},"loc":{"start":{"line":23,"column":70},"end":{"line":31,"column":1}}},"1":{"name":"(anonymous_1)","decl":{"start":{"line":33,"column":35},"end":{"line":33,"column":36}},"loc":{"start":{"line":33,"column":70},"end":{"line":43,"column":1}}},"2":{"name":"(anonymous_2)","decl":{"start":{"line":45,"column":38},"end":{"line":45,"column":null}},"loc":{"start":{"line":50,"column":28},"end":{"line":58,"column":2}}}},"branchMap":{"0":{"loc":{"start":{"line":26,"column":2},"end":{"line":28,"column":3}},"type":"if","locations":[{"start":{"line":26,"column":2},"end":{"line":28,"column":3}},{"start":{},"end":{}}]},"1":{"loc":{"start":{"line":26,"column":6},"end":{"line":26,"column":45}},"type":"binary-expr","locations":[{"start":{"line":26,"column":6},"end":{"line":26,"column":31}},{"start":{"line":26,"column":35},"end":{"line":26,"column":45}}]},"2":{"loc":{"start":{"line":56,"column":18},"end":{"line":56,"column":70}},"type":"cond-expr","locations":[{"start":{"line":56,"column":37},"end":{"line":56,"column":38}},{"start":{"line":56,"column":41},"end":{"line":56,"column":70}}]}},"s":{"0":6,"1":6,"2":6,"3":6,"4":20,"5":20,"6":10,"7":10,"8":6,"9":10,"10":10,"11":10,"12":10,"13":6,"14":6,"15":5,"16":6},"f":{"0":20,"1":10,"2":5},"b":{"0":[10,10],"1":[20,10],"2":[0,5]}}
}
