TN:
SF:src\config\auth.middleware.ts
FN:13,(anonymous_1)
FN:38,(anonymous_2)
FN:48,(anonymous_3)
FN:49,(anonymous_4)
FNF:4
FNH:3
FNDA:1,(anonymous_1)
FNDA:0,(anonymous_2)
FNDA:1,(anonymous_3)
FNDA:1,(anonymous_4)
DA:2,1
DA:3,1
DA:13,1
DA:14,1
DA:16,1
DA:17,0
DA:18,0
DA:21,1
DA:23,1
DA:24,1
DA:26,1
DA:27,0
DA:28,0
DA:31,1
DA:32,1
DA:34,0
DA:38,1
DA:39,0
DA:40,0
DA:41,0
DA:44,0
DA:47,1
DA:48,1
DA:49,1
DA:50,1
DA:51,1
DA:53,1
DA:54,0
DA:55,0
DA:58,1
DA:59,0
DA:60,0
DA:63,1
DA:64,1
DA:65,1
DA:68,0
LF:36
LH:22
BRDA:16,0,0,0
BRDA:16,0,1,1
BRDA:26,1,0,0
BRDA:26,1,1,1
BRDA:39,2,0,0
BRDA:39,2,1,0
BRDA:48,3,0,1
BRDA:53,4,0,0
BRDA:53,4,1,1
BRDA:58,5,0,0
BRDA:58,5,1,1
BRDA:63,6,0,1
BRDA:63,6,1,0
BRDA:63,7,0,1
BRDA:63,7,1,1
BRF:15
BRH:8
end_of_record
TN:
SF:src\config\jwt.ts
FN:11,getJwtSecret
FNF:1
FNH:1
FNDA:2,getJwtSecret
DA:1,1
DA:3,1
DA:11,1
DA:12,2
DA:14,2
DA:15,0
DA:18,2
LF:7
LH:6
BRDA:14,0,0,0
BRDA:14,0,1,2
BRF:2
BRH:1
end_of_record
TN:
SF:src\config\database\index.ts
FNF:0
FNH:0
DA:1,3
DA:4,3
DA:16,3
LF:3
LH:3
BRF:0
BRH:0
end_of_record
TN:
SF:src\controllers\categoria.controller.ts
FN:5,(anonymous_1)
FN:21,(anonymous_2)
FN:46,(anonymous_3)
FN:62,(anonymous_4)
FN:80,(anonymous_5)
FNF:5
FNH:5
FNDA:1,(anonymous_1)
FNDA:1,(anonymous_2)
FNDA:1,(anonymous_3)
FNDA:1,(anonymous_4)
FNDA:1,(anonymous_5)
DA:2,1
DA:3,1
DA:5,1
DA:6,1
DA:7,1
DA:9,1
DA:15,1
DA:17,0
DA:21,1
DA:22,1
DA:23,1
DA:24,1
DA:25,1
DA:30,1
DA:34,1
DA:35,0
DA:36,0
DA:39,1
DA:40,1
DA:42,0
DA:46,1
DA:47,1
DA:48,1
DA:50,1
DA:52,1
DA:53,0
DA:56,1
DA:58,0
DA:62,1
DA:63,1
DA:64,1
DA:66,1
DA:68,1
DA:69,0
DA:72,1
DA:74,1
DA:76,0
DA:80,1
DA:81,1
DA:82,1
DA:84,1
DA:86,1
DA:87,0
DA:90,1
DA:92,1
DA:94,0
LF:46
LH:36
BRDA:25,0,0,1
BRDA:25,0,1,1
BRDA:34,1,0,0
BRDA:34,1,1,1
BRDA:40,2,0,0
BRDA:40,2,1,1
BRDA:52,3,0,0
BRDA:52,3,1,1
BRDA:68,4,0,0
BRDA:68,4,1,1
BRDA:86,5,0,0
BRDA:86,5,1,1
BRF:12
BRH:7
end_of_record
TN:
SF:src\controllers\cliente.controller.ts
FN:15,(anonymous_1)
FN:47,(anonymous_2)
FN:68,(anonymous_3)
FN:134,(anonymous_4)
FN:231,(anonymous_5)
FN:262,(anonymous_6)
FNF:6
FNH:4
FNDA:1,(anonymous_1)
FNDA:1,(anonymous_2)
FNDA:3,(anonymous_3)
FNDA:0,(anonymous_4)
FNDA:0,(anonymous_5)
FNDA:1,(anonymous_6)
DA:2,1
DA:3,1
DA:4,1
DA:5,1
DA:6,1
DA:7,1
DA:8,1
DA:15,1
DA:16,1
DA:17,1
DA:18,1
DA:19,1
DA:27,1
DA:33,1
DA:34,1
DA:35,1
DA:38,1
DA:40,1
DA:42,0
DA:43,0
DA:47,1
DA:48,1
DA:49,1
DA:51,1
DA:56,1
DA:57,1
DA:58,1
DA:61,0
DA:63,0
DA:64,0
DA:68,1
DA:69,3
DA:70,3
DA:71,3
DA:73,3
DA:74,1
DA:75,1
DA:78,2
DA:79,1
DA:80,1
DA:83,1
DA:84,0
DA:85,0
DA:88,1
DA:89,0
DA:92,0
DA:95,1
DA:97,1
DA:98,0
DA:99,0
DA:102,1
DA:103,1
DA:105,1
DA:106,0
DA:107,0
DA:110,1
DA:113,1
DA:115,1
DA:125,1
DA:127,1
DA:129,0
DA:130,0
DA:134,1
DA:135,0
DA:136,0
DA:137,0
DA:138,0
DA:140,0
DA:141,0
DA:142,0
DA:145,0
DA:146,0
DA:147,0
DA:151,0
DA:155,0
DA:157,0
DA:158,0
DA:159,0
DA:162,0
DA:163,0
DA:166,0
DA:169,0
DA:170,0
DA:171,0
DA:174,0
DA:175,0
DA:176,0
DA:177,0
DA:180,0
DA:181,0
DA:185,0
DA:186,0
DA:187,0
DA:198,0
DA:200,0
DA:201,0
DA:202,0
DA:204,0
DA:205,0
DA:206,0
DA:209,0
DA:211,0
DA:215,0
DA:216,0
DA:217,0
DA:220,0
DA:222,0
DA:224,0
DA:226,0
DA:227,0
DA:231,1
DA:232,0
DA:233,0
DA:234,0
DA:236,0
DA:237,0
DA:238,0
DA:241,0
DA:242,0
DA:243,0
DA:246,0
DA:248,0
DA:249,0
DA:250,0
DA:253,0
DA:255,0
DA:257,0
DA:258,0
DA:262,1
DA:263,1
DA:264,1
DA:266,1
DA:267,0
DA:268,0
DA:271,1
DA:273,1
DA:274,0
DA:275,0
DA:278,1
DA:280,1
DA:281,0
DA:282,0
DA:285,1
DA:287,1
DA:293,1
DA:295,0
DA:296,0
LF:147
LH:60
BRDA:18,0,0,1
BRDA:18,0,1,0
BRDA:19,1,0,1
BRDA:19,1,1,1
BRDA:29,2,0,0
BRDA:29,2,1,1
BRDA:33,3,0,1
BRDA:33,3,1,0
BRDA:40,4,0,1
BRDA:40,4,1,0
BRDA:56,5,0,1
BRDA:56,5,1,0
BRDA:73,6,0,1
BRDA:73,6,1,2
BRDA:73,7,0,3
BRDA:73,7,1,3
BRDA:73,7,2,2
BRDA:73,7,3,2
BRDA:78,8,0,1
BRDA:78,8,1,1
BRDA:83,9,0,0
BRDA:83,9,1,1
BRDA:88,10,0,0
BRDA:88,10,1,1
BRDA:97,11,0,0
BRDA:97,11,1,1
BRDA:105,12,0,0
BRDA:105,12,1,1
BRDA:113,13,0,1
BRDA:113,13,1,0
BRDA:119,14,0,1
BRDA:119,14,1,1
BRDA:140,15,0,0
BRDA:140,15,1,0
BRDA:145,16,0,0
BRDA:145,16,1,0
BRDA:145,17,0,0
BRDA:145,17,1,0
BRDA:151,18,0,0
BRDA:151,18,1,0
BRDA:157,19,0,0
BRDA:157,19,1,0
BRDA:162,20,0,0
BRDA:162,20,1,0
BRDA:162,21,0,0
BRDA:162,21,1,0
BRDA:162,21,2,0
BRDA:162,21,3,0
BRDA:169,22,0,0
BRDA:169,22,1,0
BRDA:169,23,0,0
BRDA:169,23,1,0
BRDA:174,24,0,0
BRDA:174,24,1,0
BRDA:174,25,0,0
BRDA:174,25,1,0
BRDA:175,26,0,0
BRDA:175,26,1,0
BRDA:185,27,0,0
BRDA:185,27,1,0
BRDA:200,28,0,0
BRDA:200,28,1,0
BRDA:201,29,0,0
BRDA:201,29,1,0
BRDA:202,30,0,0
BRDA:202,30,1,0
BRDA:204,31,0,0
BRDA:204,31,1,0
BRDA:205,32,0,0
BRDA:205,32,1,0
BRDA:215,33,0,0
BRDA:215,33,1,0
BRDA:216,34,0,0
BRDA:216,34,1,0
BRDA:217,35,0,0
BRDA:217,35,1,0
BRDA:236,36,0,0
BRDA:236,36,1,0
BRDA:241,37,0,0
BRDA:241,37,1,0
BRDA:241,38,0,0
BRDA:241,38,1,0
BRDA:248,39,0,0
BRDA:248,39,1,0
BRDA:266,40,0,0
BRDA:266,40,1,1
BRDA:266,41,0,1
BRDA:266,41,1,1
BRDA:273,42,0,0
BRDA:273,42,1,1
BRDA:280,43,0,0
BRDA:280,43,1,1
BRF:92
BRH:27
end_of_record
TN:
SF:src\controllers\endereco.controller.ts
FN:6,(anonymous_1)
FN:16,(anonymous_2)
FN:50,(anonymous_3)
FN:78,(anonymous_4)
FN:115,(anonymous_5)
FN:165,(anonymous_6)
FN:208,(anonymous_7)
FNF:7
FNH:7
FNDA:5,(anonymous_1)
FNDA:1,(anonymous_2)
FNDA:1,(anonymous_3)
FNDA:2,(anonymous_4)
FNDA:1,(anonymous_5)
FNDA:1,(anonymous_6)
FNDA:1,(anonymous_7)
DA:2,1
DA:3,1
DA:4,1
DA:6,1
DA:7,5
DA:8,0
DA:9,0
DA:12,5
DA:16,1
DA:17,1
DA:18,1
DA:19,1
DA:20,1
DA:32,1
DA:40,1
DA:44,0
DA:45,0
DA:50,1
DA:51,1
DA:52,1
DA:53,1
DA:54,1
DA:55,1
DA:60,1
DA:68,1
DA:72,0
DA:73,0
DA:78,1
DA:79,2
DA:80,2
DA:81,2
DA:83,2
DA:84,0
DA:87,2
DA:97,2
DA:98,0
DA:99,0
DA:102,2
DA:103,1
DA:104,1
DA:107,1
DA:109,0
DA:110,0
DA:115,1
DA:116,1
DA:117,1
DA:119,1
DA:120,0
DA:123,1
DA:124,1
DA:125,1
DA:127,1
DA:128,0
DA:129,0
DA:132,1
DA:133,0
DA:134,0
DA:137,1
DA:139,1
DA:140,0
DA:141,0
DA:144,1
DA:154,1
DA:159,0
DA:160,0
DA:165,1
DA:166,1
DA:167,1
DA:168,1
DA:170,1
DA:171,0
DA:174,1
DA:176,1
DA:177,0
DA:178,0
DA:181,1
DA:182,0
DA:183,0
DA:186,1
DA:188,1
DA:197,1
DA:202,0
DA:203,0
DA:208,1
DA:209,1
DA:210,1
DA:211,1
DA:213,1
DA:214,0
DA:217,1
DA:219,1
DA:220,0
DA:221,0
DA:224,1
DA:225,0
DA:226,0
DA:229,1
DA:231,1
DA:233,0
DA:234,0
LF:100
LH:66
BRDA:7,0,0,0
BRDA:7,0,1,5
BRDA:19,1,0,1
BRDA:19,1,1,0
BRDA:32,2,0,1
BRDA:32,2,1,0
BRDA:42,3,0,1
BRDA:42,3,1,0
BRDA:54,4,0,1
BRDA:54,4,1,0
BRDA:60,5,0,1
BRDA:60,5,1,0
BRDA:70,6,0,1
BRDA:70,6,1,0
BRDA:83,7,0,0
BRDA:83,7,1,2
BRDA:97,8,0,0
BRDA:97,8,1,2
BRDA:102,9,0,1
BRDA:102,9,1,1
BRDA:102,10,0,2
BRDA:102,10,1,2
BRDA:119,11,0,0
BRDA:119,11,1,1
BRDA:124,12,0,0
BRDA:124,12,1,1
BRDA:125,13,0,0
BRDA:125,13,1,1
BRDA:127,14,0,0
BRDA:127,14,1,1
BRDA:132,15,0,0
BRDA:132,15,1,1
BRDA:132,16,0,1
BRDA:132,16,1,1
BRDA:132,16,2,0
BRDA:139,17,0,0
BRDA:139,17,1,1
BRDA:170,18,0,0
BRDA:170,18,1,1
BRDA:176,19,0,0
BRDA:176,19,1,1
BRDA:181,20,0,0
BRDA:181,20,1,1
BRDA:181,21,0,1
BRDA:181,21,1,1
BRDA:213,22,0,0
BRDA:213,22,1,1
BRDA:219,23,0,0
BRDA:219,23,1,1
BRDA:224,24,0,0
BRDA:224,24,1,1
BRDA:224,25,0,1
BRDA:224,25,1,1
BRF:53
BRH:31
end_of_record
TN:
SF:src\controllers\itempedido.controller.ts
FN:8,(anonymous_1)
FN:17,(anonymous_2)
FN:33,(anonymous_3)
FN:78,(anonymous_4)
FN:116,(anonymous_5)
FN:189,(anonymous_6)
FN:205,(anonymous_7)
FN:252,(anonymous_8)
FN:268,(anonymous_9)
FN:308,(anonymous_10)
FNF:10
FNH:9
FNDA:6,(anonymous_1)
FNDA:6,(anonymous_2)
FNDA:2,(anonymous_3)
FNDA:1,(anonymous_4)
FNDA:1,(anonymous_5)
FNDA:1,(anonymous_6)
FNDA:1,(anonymous_7)
FNDA:1,(anonymous_8)
FNDA:1,(anonymous_9)
FNDA:0,(anonymous_10)
DA:2,1
DA:3,1
DA:4,1
DA:5,1
DA:6,1
DA:8,1
DA:9,6
DA:10,0
DA:11,0
DA:14,6
DA:17,1
DA:18,6
DA:20,6
DA:21,0
DA:24,6
DA:25,1
DA:26,1
DA:29,5
DA:33,1
DA:34,2
DA:35,2
DA:36,2
DA:37,2
DA:39,2
DA:41,2
DA:42,0
DA:43,0
DA:46,2
DA:47,1
DA:50,1
DA:62,1
DA:70,1
DA:72,0
DA:73,0
DA:78,1
DA:79,1
DA:80,1
DA:82,1
DA:92,1
DA:93,0
DA:94,0
DA:97,1
DA:99,1
DA:100,0
DA:101,0
DA:104,1
DA:105,0
DA:108,1
DA:110,0
DA:111,0
DA:116,1
DA:117,1
DA:119,1
DA:120,1
DA:121,1
DA:123,1
DA:124,0
DA:125,0
DA:126,0
DA:129,1
DA:131,1
DA:132,0
DA:133,0
DA:134,0
DA:137,1
DA:138,0
DA:139,0
DA:142,1
DA:143,1
DA:144,0
DA:145,0
DA:148,0
DA:151,1
DA:156,1
DA:157,0
DA:158,0
DA:159,0
DA:162,1
DA:169,1
DA:170,0
DA:174,0
DA:176,1
DA:187,1
DA:188,1
DA:189,1
DA:192,1
DA:194,1
DA:196,1
DA:198,0
DA:199,0
DA:200,0
DA:205,1
DA:206,1
DA:208,1
DA:209,1
DA:210,1
DA:212,1
DA:213,0
DA:214,0
DA:215,0
DA:218,1
DA:220,1
DA:221,0
DA:222,0
DA:223,0
DA:226,1
DA:228,1
DA:229,0
DA:230,0
DA:231,0
DA:234,1
DA:235,0
DA:236,0
DA:239,1
DA:240,1
DA:241,0
DA:242,0
DA:245,0
DA:248,1
DA:250,1
DA:251,1
DA:252,1
DA:255,1
DA:257,1
DA:259,1
DA:261,0
DA:262,0
DA:263,0
DA:268,1
DA:269,1
DA:271,1
DA:272,1
DA:274,1
DA:276,1
DA:277,0
DA:278,0
DA:279,0
DA:282,1
DA:284,1
DA:285,0
DA:286,0
DA:287,0
DA:290,1
DA:291,0
DA:292,0
DA:295,1
DA:296,1
DA:297,0
DA:298,0
DA:301,0
DA:304,1
DA:306,1
DA:307,1
DA:308,0
DA:311,1
DA:313,1
DA:315,1
DA:317,0
DA:318,0
DA:319,0
LF:160
LH:95
BRDA:9,0,0,0
BRDA:9,0,1,6
BRDA:20,1,0,0
BRDA:20,1,1,6
BRDA:24,2,0,1
BRDA:24,2,1,5
BRDA:24,3,0,6
BRDA:24,3,1,6
BRDA:37,4,0,2
BRDA:37,4,1,1
BRDA:41,5,0,0
BRDA:41,5,1,2
BRDA:46,6,0,1
BRDA:46,6,1,1
BRDA:62,7,0,1
BRDA:62,7,1,0
BRDA:70,8,0,1
BRDA:70,8,1,0
BRDA:92,9,0,0
BRDA:92,9,1,1
BRDA:99,10,0,0
BRDA:99,10,1,1
BRDA:104,11,0,0
BRDA:104,11,1,1
BRDA:123,12,0,0
BRDA:123,12,1,1
BRDA:123,13,0,1
BRDA:123,13,1,1
BRDA:123,13,2,1
BRDA:131,14,0,0
BRDA:131,14,1,1
BRDA:137,15,0,0
BRDA:137,15,1,1
BRDA:143,16,0,0
BRDA:143,16,1,1
BRDA:143,17,0,1
BRDA:143,17,1,0
BRDA:156,18,0,0
BRDA:156,18,1,1
BRDA:169,19,0,0
BRDA:169,19,1,1
BRDA:212,20,0,0
BRDA:212,20,1,1
BRDA:212,21,0,1
BRDA:212,21,1,1
BRDA:220,22,0,0
BRDA:220,22,1,1
BRDA:228,23,0,0
BRDA:228,23,1,1
BRDA:234,24,0,0
BRDA:234,24,1,1
BRDA:240,25,0,0
BRDA:240,25,1,1
BRDA:240,26,0,1
BRDA:240,26,1,0
BRDA:276,27,0,0
BRDA:276,27,1,1
BRDA:284,28,0,0
BRDA:284,28,1,1
BRDA:290,29,0,0
BRDA:290,29,1,1
BRDA:296,30,0,0
BRDA:296,30,1,1
BRDA:296,31,0,1
BRDA:296,31,1,0
BRF:65
BRH:39
end_of_record
TN:
SF:src\controllers\pedido.controller.ts
FN:10,(anonymous_1)
FN:20,(anonymous_2)
FN:69,(anonymous_3)
FN:118,(anonymous_4)
FN:170,(anonymous_5)
FN:212,(anonymous_6)
FN:267,(anonymous_7)
FNF:7
FNH:6
FNDA:5,(anonymous_1)
FNDA:1,(anonymous_2)
FNDA:0,(anonymous_3)
FNDA:2,(anonymous_4)
FNDA:2,(anonymous_5)
FNDA:2,(anonymous_6)
FNDA:1,(anonymous_7)
DA:2,1
DA:3,1
DA:4,1
DA:5,1
DA:6,1
DA:7,1
DA:8,1
DA:10,1
DA:11,5
DA:12,0
DA:13,0
DA:16,5
DA:20,1
DA:21,1
DA:22,1
DA:23,1
DA:24,1
DA:51,1
DA:59,1
DA:63,0
DA:64,0
DA:69,1
DA:73,0
DA:74,0
DA:75,0
DA:76,0
DA:77,0
DA:100,0
DA:108,0
DA:112,0
DA:113,0
DA:118,1
DA:119,2
DA:120,2
DA:121,2
DA:123,2
DA:124,0
DA:127,2
DA:152,2
DA:153,0
DA:154,0
DA:157,2
DA:158,1
DA:159,1
DA:162,1
DA:164,0
DA:165,0
DA:170,1
DA:171,2
DA:172,2
DA:173,2
DA:175,2
DA:179,2
DA:180,0
DA:181,0
DA:184,2
DA:194,1
DA:196,1
DA:197,1
DA:198,1
DA:201,0
DA:202,0
DA:212,1
DA:213,2
DA:214,2
DA:216,2
DA:217,0
DA:220,2
DA:221,1
DA:222,1
DA:225,1
DA:226,1
DA:228,1
DA:237,1
DA:238,0
DA:241,0
DA:244,1
DA:246,1
DA:247,0
DA:248,0
DA:251,1
DA:253,1
DA:254,1
DA:257,1
DA:259,1
DA:261,0
DA:262,0
DA:267,1
DA:268,1
DA:269,1
DA:270,1
DA:272,1
DA:273,0
DA:276,1
DA:278,1
DA:279,0
DA:280,0
DA:283,1
DA:284,0
DA:285,0
DA:288,1
DA:290,1
DA:291,0
DA:294,0
DA:297,1
DA:299,1
DA:301,0
DA:302,0
LF:108
LH:70
BRDA:11,0,0,0
BRDA:11,0,1,5
BRDA:23,1,0,1
BRDA:23,1,1,0
BRDA:51,2,0,1
BRDA:51,2,1,0
BRDA:61,3,0,1
BRDA:61,3,1,0
BRDA:76,4,0,0
BRDA:76,4,1,0
BRDA:100,5,0,0
BRDA:100,5,1,0
BRDA:110,6,0,0
BRDA:110,6,1,0
BRDA:123,7,0,0
BRDA:123,7,1,2
BRDA:152,8,0,0
BRDA:152,8,1,2
BRDA:157,9,0,1
BRDA:157,9,1,1
BRDA:157,10,0,2
BRDA:157,10,1,2
BRDA:175,11,0,0
BRDA:175,11,1,2
BRDA:175,12,0,2
BRDA:175,12,1,0
BRDA:179,13,0,0
BRDA:179,13,1,2
BRDA:188,14,0,2
BRDA:188,14,1,1
BRDA:196,15,0,1
BRDA:196,15,1,0
BRDA:216,16,0,0
BRDA:216,16,1,2
BRDA:220,17,0,1
BRDA:220,17,1,1
BRDA:237,18,0,0
BRDA:237,18,1,1
BRDA:237,19,0,1
BRDA:237,19,1,1
BRDA:246,20,0,0
BRDA:246,20,1,1
BRDA:253,21,0,1
BRDA:253,21,1,0
BRDA:253,22,0,1
BRDA:253,22,1,1
BRDA:254,23,0,0
BRDA:254,23,1,1
BRDA:272,24,0,0
BRDA:272,24,1,1
BRDA:278,25,0,0
BRDA:278,25,1,1
BRDA:283,26,0,0
BRDA:283,26,1,1
BRDA:283,27,0,1
BRDA:283,27,1,1
BRDA:290,28,0,0
BRDA:290,28,1,1
BRDA:290,29,0,1
BRDA:290,29,1,0
BRF:60
BRH:34
end_of_record
TN:
SF:src\controllers\produto.controller.ts
FN:6,(anonymous_1)
FN:35,(anonymous_2)
FN:55,(anonymous_3)
FN:85,(anonymous_4)
FN:130,(anonymous_5)
FN:158,(anonymous_6)
FN:197,(anonymous_7)
FNF:7
FNH:6
FNDA:2,(anonymous_1)
FNDA:2,(anonymous_2)
FNDA:2,(anonymous_3)
FNDA:1,(anonymous_4)
FNDA:1,(anonymous_5)
FNDA:1,(anonymous_6)
FNDA:0,(anonymous_7)
DA:2,1
DA:3,1
DA:4,1
DA:6,1
DA:7,2
DA:8,2
DA:9,2
DA:16,2
DA:21,2
DA:22,0
DA:23,0
DA:26,2
DA:28,1
DA:30,1
DA:31,1
DA:35,1
DA:36,2
DA:37,2
DA:39,2
DA:43,2
DA:44,1
DA:45,1
DA:48,1
DA:50,0
DA:51,0
DA:55,1
DA:56,2
DA:57,2
DA:59,2
DA:60,1
DA:61,1
DA:64,1
DA:75,1
DA:80,0
DA:81,0
DA:85,1
DA:86,1
DA:87,1
DA:89,1
DA:93,1
DA:94,0
DA:95,0
DA:98,1
DA:108,1
DA:110,1
DA:111,1
DA:112,1
DA:113,1
DA:114,1
DA:115,1
DA:116,1
DA:118,1
DA:120,1
DA:125,0
DA:126,0
DA:130,1
DA:131,1
DA:132,1
DA:134,1
DA:138,1
DA:139,0
DA:142,0
DA:145,1
DA:147,1
DA:151,0
DA:152,0
DA:158,1
DA:159,1
DA:160,1
DA:161,1
DA:162,1
DA:164,1
DA:165,0
DA:166,0
DA:176,1
DA:183,1
DA:184,0
DA:185,0
DA:188,1
DA:190,1
DA:192,0
DA:193,0
DA:197,1
DA:198,0
DA:199,0
DA:200,0
DA:206,0
DA:210,0
DA:211,0
DA:212,0
DA:215,0
DA:217,0
DA:219,0
DA:220,0
LF:94
LH:63
BRDA:9,0,0,2
BRDA:9,0,1,2
BRDA:21,1,0,0
BRDA:21,1,1,2
BRDA:28,2,0,0
BRDA:28,2,1,1
BRDA:43,3,0,1
BRDA:43,3,1,1
BRDA:59,4,0,1
BRDA:59,4,1,1
BRDA:59,5,0,2
BRDA:59,5,1,2
BRDA:66,6,0,1
BRDA:66,6,1,1
BRDA:68,7,0,1
BRDA:68,7,1,1
BRDA:69,8,0,1
BRDA:69,8,1,1
BRDA:70,9,0,1
BRDA:70,9,1,1
BRDA:71,10,0,1
BRDA:71,10,1,1
BRDA:93,11,0,0
BRDA:93,11,1,1
BRDA:110,12,0,1
BRDA:110,12,1,0
BRDA:111,13,0,0
BRDA:111,13,1,1
BRDA:112,14,0,0
BRDA:112,14,1,1
BRDA:113,15,0,0
BRDA:113,15,1,1
BRDA:114,16,0,0
BRDA:114,16,1,1
BRDA:115,17,0,0
BRDA:115,17,1,1
BRDA:116,18,0,0
BRDA:116,18,1,1
BRDA:138,19,0,0
BRDA:138,19,1,1
BRDA:162,20,0,1
BRDA:162,20,1,1
BRDA:164,21,0,0
BRDA:164,21,1,1
BRDA:183,22,0,0
BRDA:183,22,1,1
BRDA:190,23,0,0
BRDA:190,23,1,1
BRDA:200,24,0,0
BRDA:200,24,1,0
BRDA:210,25,0,0
BRDA:210,25,1,0
BRDA:217,26,0,0
BRDA:217,26,1,0
BRF:54
BRH:34
end_of_record
TN:
SF:src\models\Categoria.ts
FNF:0
FNH:0
DA:1,2
DA:2,2
DA:24,2
DA:51,2
LF:4
LH:4
BRF:0
BRH:0
end_of_record
TN:
SF:src\models\Cliente.ts
FNF:0
FNH:0
DA:1,1
DA:2,1
DA:35,1
DA:86,1
LF:4
LH:4
BRF:0
BRH:0
end_of_record
TN:
SF:src\models\Produto.ts
FNF:0
FNH:0
DA:1,1
DA:2,1
DA:3,1
DA:35,1
DA:91,1
DA:96,1
LF:6
LH:6
BRF:0
BRH:0
end_of_record
TN:
SF:src\utils\cliente.validation.ts
FN:5,(anonymous_0)
FN:7,(anonymous_1)
FN:9,(anonymous_2)
FN:11,(anonymous_3)
FNF:4
FNH:4
FNDA:2,(anonymous_0)
FNDA:2,(anonymous_1)
FNDA:1,(anonymous_2)
FNDA:1,(anonymous_3)
DA:1,1
DA:2,1
DA:3,1
DA:5,2
DA:7,2
DA:9,1
DA:11,1
LF:7
LH:7
BRF:0
BRH:0
end_of_record
TN:
SF:src\utils\pagination.ts
FN:23,(anonymous_0)
FN:33,(anonymous_1)
FN:45,(anonymous_2)
FNF:3
FNH:3
FNDA:20,(anonymous_0)
FNDA:10,(anonymous_1)
FNDA:5,(anonymous_2)
DA:3,6
DA:4,6
DA:5,6
DA:23,6
DA:24,20
DA:26,20
DA:27,10
DA:30,10
DA:33,6
DA:34,10
DA:35,10
DA:36,10
DA:38,10
DA:45,6
DA:50,5
LF:15
LH:15
BRDA:26,0,0,10
BRDA:26,0,1,10
BRDA:26,1,0,20
BRDA:26,1,1,10
BRDA:56,2,0,0
BRDA:56,2,1,5
BRF:6
BRH:5
end_of_record
